SF3A1_HUMAN/712-788	77	SF3A1_HUMAN/712-788	77	5e-56	  161
SF3A1_HUMAN/712-788	77	SF3A1_HUMAN_2/712-788	89	9e-56	  160
SF3A1_HUMAN/712-788	77	SF3A1_HUMAN_2/712-788	89	3e-06	31.2
SF3A1_HUMAN/712-788	77	Q91889_XENLA/33-101	69	4e-08	36.2
SF3A1_HUMAN/712-788	77	Q91889_XENLA/33-101	69	4.8	14.6
SF3A1_HUMAN/712-788	77	DSK2_YEAST/8-75	68	4e-08	36.2
SF3A1_HUMAN/712-788	77	Q9SII9_ARATH/23-91	69	1e-07	35.0
SF3A1_HUMAN/712-788	77	Q9ZQZ4_ARATH/6-74	69	7e-06	30.0
SF3A1_HUMAN/712-788	77	OASL_HUMAN/439-506	68	4e-05	28.1
SF3A1_HUMAN/712-788	77	ATB14_ARATH/173-383	211	0.056	20.4
SF3A1_HUMAN/712-788	77	ALKJ_PSEOL/2-296	295	   13	13.9
SF3A1_HUMAN/712-788	77	ALKJ_PSEOL/2-296	295	  381	 9.6
SF3A1_HUMAN/712-788	77	BETA_RHIME/3-293	291	   27	12.7
SF3A1_HUMAN/712-788	77	BETA_RHIME/3-293	291	  110	11.2
SF3A1_HUMAN/712-788	77	HGL2_ARATH/259-486	228	   30	12.7
SF3A1_HUMAN/712-788	77	PPCT_BOVIN/10-213	204	   35	12.7
SF3A1_HUMAN/712-788	77	ATHB8_ARATH/159-369	211	  104	11.2
SF3A1_HUMAN/712-788	77	DHGL_DROPS/65-363	299	  268	10.0
SF3A1_HUMAN_2/712-788	89	SF3A1_HUMAN_2/712-788	89	2e-65	  186
SF3A1_HUMAN_2/712-788	89	SF3A1_HUMAN/712-788	77	1e-55	  160
SF3A1_HUMAN_2/712-788	89	SF3A1_HUMAN/712-788	77	4e-06	31.2
SF3A1_HUMAN_2/712-788	89	DSK2_YEAST/8-75	68	2e-08	37.4
SF3A1_HUMAN_2/712-788	89	Q91889_XENLA/33-101	69	6e-08	36.2
SF3A1_HUMAN_2/712-788	89	Q91889_XENLA/33-101	69	5.7	14.6
SF3A1_HUMAN_2/712-788	89	Q9SII9_ARATH/23-91	69	2e-07	34.3
SF3A1_HUMAN_2/712-788	89	Q9ZQZ4_ARATH/6-74	69	1e-05	29.6
SF3A1_HUMAN_2/712-788	89	OASL_HUMAN/439-506	68	1e-04	27.3
SF3A1_HUMAN_2/712-788	89	ATB14_ARATH/173-383	211	0.080	20.4
SF3A1_HUMAN_2/712-788	89	ATB14_ARATH/173-383	211	8.9	14.6
SF3A1_HUMAN_2/712-788	89	BETA_RHIME/3-293	291	5.4	15.0
SF3A1_HUMAN_2/712-788	89	BETA_RHIME/3-293	291	   33	12.7
SF3A1_HUMAN_2/712-788	89	BETA_RHIME/3-293	291	   37	12.7
SF3A1_HUMAN_2/712-788	89	BETA_RHIME/3-293	291	  127	11.2
SF3A1_HUMAN_2/712-788	89	BETA_RHIME/3-293	291	  638	 8.8
SF3A1_HUMAN_2/712-788	89	BETA_ECOLI/3-301	299	8.3	14.6
SF3A1_HUMAN_2/712-788	89	ALKJ_PSEOL/2-296	295	   16	13.9
SF3A1_HUMAN_2/712-788	89	ALKJ_PSEOL/2-296	295	   65	11.9
SF3A1_HUMAN_2/712-788	89	ALKJ_PSEOL/2-296	295	  130	11.2
SF3A1_HUMAN_2/712-788	89	ALKJ_PSEOL/2-296	295	  614	 8.8
SF3A1_HUMAN_2/712-788	89	PPCT_BOVIN/10-213	204	   33	12.7
SF3A1_HUMAN_2/712-788	89	HGL2_ARATH/259-486	228	   33	12.7
SF3A1_HUMAN_2/712-788	89	ATHB8_ARATH/159-369	211	   41	12.7
SF3A1_HUMAN_2/712-788	89	DHGL_DROPS/65-363	299	  247	10.4
Q91889_XENLA/33-101	69	Q91889_XENLA/33-101	69	3e-49	  143
Q91889_XENLA/33-101	69	DSK2_YEAST/8-75	68	2e-11	45.4
Q91889_XENLA/33-101	69	SF3A1_HUMAN/712-788	77	3e-08	36.2
Q91889_XENLA/33-101	69	SF3A1_HUMAN/712-788	77	4.3	14.6
Q91889_XENLA/33-101	69	SF3A1_HUMAN_2/712-788	89	4e-08	36.2
Q91889_XENLA/33-101	69	SF3A1_HUMAN_2/712-788	89	4.5	14.6
Q91889_XENLA/33-101	69	Q9ZQZ4_ARATH/6-74	69	2e-07	33.9
Q91889_XENLA/33-101	69	OASL_HUMAN/439-506	68	6e-07	32.7
Q91889_XENLA/33-101	69	BETA_RHIME/3-293	291	   63	11.5
Q91889_XENLA/33-101	69	BETA_ECOLI/3-301	299	   96	11.2
Q91889_XENLA/33-101	69	BETA_ECOLI/3-301	299	  211	10.0
Q91889_XENLA/33-101	69	Y1310_MYCBO/5-298	294	  173	10.4
Q91889_XENLA/33-101	69	DHGL_DROPS/65-363	299	  298	 9.6
Q91889_XENLA/33-101	69	Q93569_CAEEL/344-568	225	  363	 9.2
OASL_HUMAN/439-506	68	OASL_HUMAN/439-506	68	2e-45	  133
OASL_HUMAN/439-506	68	DSK2_YEAST/8-75	68	4e-08	35.8
OASL_HUMAN/439-506	68	Q9ZQZ4_ARATH/6-74	69	5e-08	35.8
OASL_HUMAN/439-506	68	Q9ZQZ4_ARATH/6-74	69	   20	13.1
OASL_HUMAN/439-506	68	Q9SII9_ARATH/23-91	69	4e-07	33.1
OASL_HUMAN/439-506	68	Q91889_XENLA/33-101	69	6e-07	32.7
OASL_HUMAN/439-506	68	SF3A1_HUMAN/712-788	77	4e-05	28.1
OASL_HUMAN/439-506	68	SF3A1_HUMAN_2/712-788	89	8e-05	27.3
OASL_HUMAN/439-506	68	Q93569_CAEEL/344-568	225	0.13	19.2
OASL_HUMAN/439-506	68	Q93569_CAEEL/344-568	225	  308	 9.6
OASL_HUMAN/439-506	68	PPCT_BOVIN/10-213	204	0.66	17.3
OASL_HUMAN/439-506	68	PPCT_BOVIN/10-213	204	  173	10.4
OASL_HUMAN/439-506	68	BETA_ECOLI/3-301	299	3.4	15.4
OASL_HUMAN/439-506	68	BETA_ECOLI/3-301	299	   10	13.9
OASL_HUMAN/439-506	68	BETA_ECOLI/3-301	299	   77	11.5
OASL_HUMAN/439-506	68	BETA_RHIME/3-293	291	  157	10.4
OASL_HUMAN/439-506	68	BETA_RHIME/3-293	291	  161	10.4
OASL_HUMAN/439-506	68	ATHB8_ARATH/159-369	211	  517	 8.8
Q9ZQZ4_ARATH/6-74	69	Q9ZQZ4_ARATH/6-74	69	5e-48	  140
Q9ZQZ4_ARATH/6-74	69	DSK2_YEAST/8-75	68	5e-09	38.5
Q9ZQZ4_ARATH/6-74	69	Q9SII9_ARATH/23-91	69	8e-09	38.1
Q9ZQZ4_ARATH/6-74	69	OASL_HUMAN/439-506	68	5e-08	35.8
Q9ZQZ4_ARATH/6-74	69	OASL_HUMAN/439-506	68	   20	13.1
Q9ZQZ4_ARATH/6-74	69	Q91889_XENLA/33-101	69	2e-07	33.9
Q9ZQZ4_ARATH/6-74	69	SF3A1_HUMAN/712-788	77	6e-06	30.0
Q9ZQZ4_ARATH/6-74	69	SF3A1_HUMAN_2/712-788	89	1e-05	29.6
Q9ZQZ4_ARATH/6-74	69	ALKJ_PSEOL/2-296	295	0.12	19.6
Q9ZQZ4_ARATH/6-74	69	ALKJ_PSEOL/2-296	295	1.1	16.5
Q9ZQZ4_ARATH/6-74	69	ATB14_ARATH/173-383	211	0.73	17.3
Q9ZQZ4_ARATH/6-74	69	ATHB8_ARATH/159-369	211	0.82	16.9
Q9ZQZ4_ARATH/6-74	69	BETA_RHIME/3-293	291	1.6	16.2
Q9ZQZ4_ARATH/6-74	69	BETA_RHIME/3-293	291	2.0	15.8
Q9ZQZ4_ARATH/6-74	69	BETA_RHIME/3-293	291	   63	11.5
Q9ZQZ4_ARATH/6-74	69	BETA_RHIME/3-293	291	   87	11.2
Q9ZQZ4_ARATH/6-74	69	BETA_RHIME/3-293	291	  301	 9.6
Q9ZQZ4_ARATH/6-74	69	BETA_ECOLI/3-301	299	1.8	16.2
Q9ZQZ4_ARATH/6-74	69	HGL2_ARATH/259-486	228	2.6	15.4
Q9ZQZ4_ARATH/6-74	69	Q93569_CAEEL/344-568	225	4.1	15.0
Q9ZQZ4_ARATH/6-74	69	DHGL_DROPS/65-363	299	   25	12.7
Q9ZQZ4_ARATH/6-74	69	DHGL_DROPS/65-363	299	   29	12.7
Q9SII9_ARATH/23-91	69	Q9SII9_ARATH/23-91	69	9e-50	  144
Q9SII9_ARATH/23-91	69	DSK2_YEAST/8-75	68	4e-19	65.9
Q9SII9_ARATH/23-91	69	Q9ZQZ4_ARATH/6-74	69	8e-09	38.1
Q9SII9_ARATH/23-91	69	SF3A1_HUMAN/712-788	77	1e-07	35.0
Q9SII9_ARATH/23-91	69	SF3A1_HUMAN_2/712-788	89	2e-07	34.3
Q9SII9_ARATH/23-91	69	OASL_HUMAN/439-506	68	4e-07	33.1
Q9SII9_ARATH/23-91	69	Q93569_CAEEL/344-568	225	8.3	14.2
Q9SII9_ARATH/23-91	69	BETA_ECOLI/3-301	299	  121	10.8
Q9SII9_ARATH/23-91	69	ALKJ_PSEOL/2-296	295	  176	10.4
Q9SII9_ARATH/23-91	69	PPCT_BOVIN/10-213	204	  245	10.0
Q9SII9_ARATH/23-91	69	PPCT_BOVIN/10-213	204	  304	 9.6
Q9SII9_ARATH/23-91	69	BETA_RHIME/3-293	291	  298	 9.6
Q9SII9_ARATH/23-91	69	Y1310_MYCBO/5-298	294	  337	 9.6
Q9SII9_ARATH/23-91	69	ATHB8_ARATH/159-369	211	  430	 9.2
DSK2_YEAST/8-75	68	DSK2_YEAST/8-75	68	3e-48	  140
DSK2_YEAST/8-75	68	Q9SII9_ARATH/23-91	69	4e-19	65.9
DSK2_YEAST/8-75	68	Q91889_XENLA/33-101	69	2e-11	45.4
DSK2_YEAST/8-75	68	Q9ZQZ4_ARATH/6-74	69	5e-09	38.5
DSK2_YEAST/8-75	68	SF3A1_HUMAN_2/712-788	89	2e-08	37.4
DSK2_YEAST/8-75	68	SF3A1_HUMAN/712-788	77	3e-08	36.2
DSK2_YEAST/8-75	68	OASL_HUMAN/439-506	68	4e-08	35.8
DSK2_YEAST/8-75	68	BETA_RHIME/3-293	291	4.4	15.0
DSK2_YEAST/8-75	68	BETA_RHIME/3-293	291	   18	13.1
DSK2_YEAST/8-75	68	BETA_RHIME/3-293	291	  141	10.8
DSK2_YEAST/8-75	68	Y1310_MYCBO/5-298	294	  104	11.2
DSK2_YEAST/8-75	68	HGL2_ARATH/259-486	228	  113	10.8
DSK2_YEAST/8-75	68	PPCT_BOVIN/10-213	204	  147	10.4
DSK2_YEAST/8-75	68	PPCT_BOVIN/10-213	204	  362	 9.2
DSK2_YEAST/8-75	68	PPCT_BOVIN/10-213	204	  602	 8.8
DSK2_YEAST/8-75	68	DHGL_DROPS/65-363	299	  420	 9.2
DSK2_YEAST/8-75	68	DHGL_DROPS/65-363	299	  461	 9.2
PPCT_BOVIN/10-213	204	PPCT_BOVIN/10-213	204	1e-155	  424
PPCT_BOVIN/10-213	204	Q93569_CAEEL/344-568	225	0.002	26.9
PPCT_BOVIN/10-213	204	Q93569_CAEEL/344-568	225	 1738	 8.8
PPCT_BOVIN/10-213	204	ATB14_ARATH/173-383	211	0.86	18.9
PPCT_BOVIN/10-213	204	ATB14_ARATH/173-383	211	  323	11.2
PPCT_BOVIN/10-213	204	ATB14_ARATH/173-383	211	 1484	 8.8
PPCT_BOVIN/10-213	204	ATHB8_ARATH/159-369	211	1.3	18.5
PPCT_BOVIN/10-213	204	ATHB8_ARATH/159-369	211	   28	14.2
PPCT_BOVIN/10-213	204	ATHB8_ARATH/159-369	211	  189	11.5
PPCT_BOVIN/10-213	204	ATHB8_ARATH/159-369	211	  951	 9.6
PPCT_BOVIN/10-213	204	ATHB8_ARATH/159-369	211	 1068	 9.2
PPCT_BOVIN/10-213	204	DHGL_DROPS/65-363	299	1.7	18.1
PPCT_BOVIN/10-213	204	DHGL_DROPS/65-363	299	   38	13.9
PPCT_BOVIN/10-213	204	DHGL_DROPS/65-363	299	   84	12.7
PPCT_BOVIN/10-213	204	DHGL_DROPS/65-363	299	  120	12.3
PPCT_BOVIN/10-213	204	DHGL_DROPS/65-363	299	  157	11.9
PPCT_BOVIN/10-213	204	DHGL_DROPS/65-363	299	  198	11.5
PPCT_BOVIN/10-213	204	DHGL_DROPS/65-363	299	  409	10.8
PPCT_BOVIN/10-213	204	DHGL_DROPS/65-363	299	  412	10.8
PPCT_BOVIN/10-213	204	DHGL_DROPS/65-363	299	  641	10.0
PPCT_BOVIN/10-213	204	DHGL_DROPS/65-363	299	  793	 9.6
PPCT_BOVIN/10-213	204	OASL_HUMAN/439-506	68	2.0	17.3
PPCT_BOVIN/10-213	204	OASL_HUMAN/439-506	68	  519	10.4
PPCT_BOVIN/10-213	204	BETA_ECOLI/3-301	299	2.4	17.7
PPCT_BOVIN/10-213	204	BETA_ECOLI/3-301	299	  247	11.2
PPCT_BOVIN/10-213	204	BETA_ECOLI/3-301	299	  881	 9.6
PPCT_BOVIN/10-213	204	BETA_ECOLI/3-301	299	 1080	 9.2
PPCT_BOVIN/10-213	204	BETA_ECOLI/3-301	299	 1323	 9.2
PPCT_BOVIN/10-213	204	BETA_ECOLI/3-301	299	 3280	 7.7
PPCT_BOVIN/10-213	204	BETA_RHIME/3-293	291	2.6	17.7
PPCT_BOVIN/10-213	204	BETA_RHIME/3-293	291	   36	13.9
PPCT_BOVIN/10-213	204	ALKJ_PSEOL/2-296	295	2.9	17.3
PPCT_BOVIN/10-213	204	ALKJ_PSEOL/2-296	295	   63	13.1
PPCT_BOVIN/10-213	204	Y1310_MYCBO/5-298	294	7.0	16.2
PPCT_BOVIN/10-213	204	Y1310_MYCBO/5-298	294	  222	11.5
PPCT_BOVIN/10-213	204	Y1310_MYCBO/5-298	294	  368	10.8
PPCT_BOVIN/10-213	204	Y1310_MYCBO/5-298	294	 1222	 9.2
PPCT_BOVIN/10-213	204	HGL2_ARATH/259-486	228	   10	15.8
PPCT_BOVIN/10-213	204	HGL2_ARATH/259-486	228	   81	12.7
PPCT_BOVIN/10-213	204	HGL2_ARATH/259-486	228	  217	11.5
PPCT_BOVIN/10-213	204	HGL2_ARATH/259-486	228	 1155	 9.2
PPCT_BOVIN/10-213	204	HGL2_ARATH/259-486	228	 1186	 9.2
PPCT_BOVIN/10-213	204	Q39948_HELAN/267-491	225	   19	15.0
PPCT_BOVIN/10-213	204	Q39948_HELAN/267-491	225	   25	14.2
PPCT_BOVIN/10-213	204	Q39948_HELAN/267-491	225	  103	12.7
PPCT_BOVIN/10-213	204	Q39948_HELAN/267-491	225	  149	11.9
PPCT_BOVIN/10-213	204	Q39948_HELAN/267-491	225	  204	11.5
PPCT_BOVIN/10-213	204	Q39948_HELAN/267-491	225	  299	11.2
PPCT_BOVIN/10-213	204	Q39948_HELAN/267-491	225	  304	11.2
PPCT_BOVIN/10-213	204	Q39948_HELAN/267-491	225	  354	10.8
PPCT_BOVIN/10-213	204	Q39948_HELAN/267-491	225	  684	10.0
PPCT_BOVIN/10-213	204	SF3A1_HUMAN_2/712-788	89	   76	12.7
PPCT_BOVIN/10-213	204	SF3A1_HUMAN/712-788	77	   94	12.7
PPCT_BOVIN/10-213	204	DSK2_YEAST/8-75	68	  442	10.4
PPCT_BOVIN/10-213	204	DSK2_YEAST/8-75	68	 1087	 9.2
PPCT_BOVIN/10-213	204	DSK2_YEAST/8-75	68	 1807	 8.8
PPCT_BOVIN/10-213	204	Q9SII9_ARATH/23-91	69	  723	10.0
PPCT_BOVIN/10-213	204	Q9SII9_ARATH/23-91	69	  899	 9.6
Q93569_CAEEL/344-568	225	Q93569_CAEEL/344-568	225	1e-172	  469
Q93569_CAEEL/344-568	225	PPCT_BOVIN/10-213	204	0.003	26.9
Q93569_CAEEL/344-568	225	PPCT_BOVIN/10-213	204	 1917	 8.8
Q93569_CAEEL/344-568	225	OASL_HUMAN/439-506	68	0.44	19.2
Q93569_CAEEL/344-568	225	OASL_HUMAN/439-506	68	 1018	 9.6
Q93569_CAEEL/344-568	225	ATB14_ARATH/173-383	211	1.3	18.5
Q93569_CAEEL/344-568	225	ATB14_ARATH/173-383	211	8.9	15.8
Q93569_CAEEL/344-568	225	Q39948_HELAN/267-491	225	3.4	17.3
Q93569_CAEEL/344-568	225	Q39948_HELAN/267-491	225	   96	12.7
Q93569_CAEEL/344-568	225	Q39948_HELAN/267-491	225	  479	10.4
Q93569_CAEEL/344-568	225	Q39948_HELAN/267-491	225	  932	 9.6
Q93569_CAEEL/344-568	225	Q39948_HELAN/267-491	225	 1123	 9.2
Q93569_CAEEL/344-568	225	Q9ZQZ4_ARATH/6-74	69	   13	15.0
Q93569_CAEEL/344-568	225	BETA_ECOLI/3-301	299	   14	15.4
Q93569_CAEEL/344-568	225	BETA_ECOLI/3-301	299	  142	12.3
Q93569_CAEEL/344-568	225	BETA_ECOLI/3-301	299	  154	12.3
Q93569_CAEEL/344-568	225	BETA_ECOLI/3-301	299	  463	10.8
Q93569_CAEEL/344-568	225	BETA_ECOLI/3-301	299	 1158	 9.2
Q93569_CAEEL/344-568	225	Q9SII9_ARATH/23-91	69	   27	14.2
Q93569_CAEEL/344-568	225	Y1310_MYCBO/5-298	294	   29	14.2
Q93569_CAEEL/344-568	225	Y1310_MYCBO/5-298	294	  176	11.9
Q93569_CAEEL/344-568	225	Y1310_MYCBO/5-298	294	  215	11.5
Q93569_CAEEL/344-568	225	Y1310_MYCBO/5-298	294	  278	11.2
Q93569_CAEEL/344-568	225	Y1310_MYCBO/5-298	294	  963	 9.6
Q93569_CAEEL/344-568	225	Y1310_MYCBO/5-298	294	 1148	 9.2
Q93569_CAEEL/344-568	225	Y1310_MYCBO/5-298	294	 1521	 8.8
Q93569_CAEEL/344-568	225	ATHB8_ARATH/159-369	211	   39	13.9
Q93569_CAEEL/344-568	225	ATHB8_ARATH/159-369	211	   90	12.7
Q93569_CAEEL/344-568	225	ATHB8_ARATH/159-369	211	  861	 9.6
Q93569_CAEEL/344-568	225	ATHB8_ARATH/159-369	211	 1467	 9.2
Q93569_CAEEL/344-568	225	DHGL_DROPS/65-363	299	   49	13.9
Q93569_CAEEL/344-568	225	DHGL_DROPS/65-363	299	  534	10.4
Q93569_CAEEL/344-568	225	DHGL_DROPS/65-363	299	  739	10.0
Q93569_CAEEL/344-568	225	DHGL_DROPS/65-363	299	  843	 9.6
Q93569_CAEEL/344-568	225	DHGL_DROPS/65-363	299	  874	 9.6
Q93569_CAEEL/344-568	225	DHGL_DROPS/65-363	299	  997	 9.6
Q93569_CAEEL/344-568	225	DHGL_DROPS/65-363	299	 1534	 8.8
Q93569_CAEEL/344-568	225	ALKJ_PSEOL/2-296	295	   64	13.5
Q93569_CAEEL/344-568	225	ALKJ_PSEOL/2-296	295	   65	13.5
Q93569_CAEEL/344-568	225	ALKJ_PSEOL/2-296	295	  110	12.7
Q93569_CAEEL/344-568	225	ALKJ_PSEOL/2-296	295	  128	12.3
Q93569_CAEEL/344-568	225	ALKJ_PSEOL/2-296	295	  131	12.3
Q93569_CAEEL/344-568	225	ALKJ_PSEOL/2-296	295	  248	11.5
Q93569_CAEEL/344-568	225	ALKJ_PSEOL/2-296	295	  329	11.2
Q93569_CAEEL/344-568	225	ALKJ_PSEOL/2-296	295	  929	 9.6
Q93569_CAEEL/344-568	225	ALKJ_PSEOL/2-296	295	 1189	 9.2
Q93569_CAEEL/344-568	225	ALKJ_PSEOL/2-296	295	 1345	 9.2
Q93569_CAEEL/344-568	225	ALKJ_PSEOL/2-296	295	 1393	 9.2
Q93569_CAEEL/344-568	225	ALKJ_PSEOL/2-296	295	 2220	 8.5
Q93569_CAEEL/344-568	225	BETA_RHIME/3-293	291	   71	13.1
Q93569_CAEEL/344-568	225	BETA_RHIME/3-293	291	  192	11.9
Q93569_CAEEL/344-568	225	BETA_RHIME/3-293	291	  233	11.5
Q93569_CAEEL/344-568	225	BETA_RHIME/3-293	291	  337	11.2
Q93569_CAEEL/344-568	225	BETA_RHIME/3-293	291	 1522	 8.8
Q93569_CAEEL/344-568	225	BETA_RHIME/3-293	291	 1576	 8.8
Q93569_CAEEL/344-568	225	Q91889_XENLA/33-101	69	 1182	 9.2
ATB14_ARATH/173-383	211	ATB14_ARATH/173-383	211	6e-159	  433
ATB14_ARATH/173-383	211	ATHB8_ARATH/159-369	211	1e-117	  328
ATB14_ARATH/173-383	211	HGL2_ARATH/259-486	228	3e-09	44.7
ATB14_ARATH/173-383	211	HGL2_ARATH/259-486	228	   55	13.5
ATB14_ARATH/173-383	211	Q39948_HELAN/267-491	225	9e-07	37.4
ATB14_ARATH/173-383	211	Q39948_HELAN/267-491	225	  228	11.5
ATB14_ARATH/173-383	211	SF3A1_HUMAN/712-788	77	0.15	20.4
ATB14_ARATH/173-383	211	SF3A1_HUMAN_2/712-788	89	0.19	20.4
ATB14_ARATH/173-383	211	SF3A1_HUMAN_2/712-788	89	   21	14.6
ATB14_ARATH/173-383	211	PPCT_BOVIN/10-213	204	0.89	18.9
ATB14_ARATH/173-383	211	PPCT_BOVIN/10-213	204	  335	11.2
ATB14_ARATH/173-383	211	PPCT_BOVIN/10-213	204	 1535	 8.8
ATB14_ARATH/173-383	211	Q93569_CAEEL/344-568	225	1.2	18.5
ATB14_ARATH/173-383	211	Q93569_CAEEL/344-568	225	8.4	15.8
ATB14_ARATH/173-383	211	Y1310_MYCBO/5-298	294	2.1	17.7
ATB14_ARATH/173-383	211	Y1310_MYCBO/5-298	294	   17	15.0
ATB14_ARATH/173-383	211	Y1310_MYCBO/5-298	294	   70	13.1
ATB14_ARATH/173-383	211	Y1310_MYCBO/5-298	294	   71	13.1
ATB14_ARATH/173-383	211	Y1310_MYCBO/5-298	294	  152	11.9
ATB14_ARATH/173-383	211	Y1310_MYCBO/5-298	294	  751	10.0
ATB14_ARATH/173-383	211	Y1310_MYCBO/5-298	294	  911	 9.6
ATB14_ARATH/173-383	211	Y1310_MYCBO/5-298	294	 1050	 9.2
ATB14_ARATH/173-383	211	Y1310_MYCBO/5-298	294	 1156	 9.2
ATB14_ARATH/173-383	211	Q9ZQZ4_ARATH/6-74	69	2.2	17.3
ATB14_ARATH/173-383	211	DHGL_DROPS/65-363	299	9.2	15.8
ATB14_ARATH/173-383	211	DHGL_DROPS/65-363	299	   37	13.9
ATB14_ARATH/173-383	211	DHGL_DROPS/65-363	299	   53	13.5
ATB14_ARATH/173-383	211	DHGL_DROPS/65-363	299	  618	10.0
ATB14_ARATH/173-383	211	DHGL_DROPS/65-363	299	  718	10.0
ATB14_ARATH/173-383	211	DHGL_DROPS/65-363	299	 2123	 8.5
ATB14_ARATH/173-383	211	BETA_ECOLI/3-301	299	   11	15.8
ATB14_ARATH/173-383	211	BETA_ECOLI/3-301	299	   20	15.0
ATB14_ARATH/173-383	211	BETA_ECOLI/3-301	299	  144	12.3
ATB14_ARATH/173-383	211	BETA_ECOLI/3-301	299	  325	11.2
ATB14_ARATH/173-383	211	BETA_ECOLI/3-301	299	  367	10.8
ATB14_ARATH/173-383	211	BETA_ECOLI/3-301	299	  483	10.4
ATB14_ARATH/173-383	211	BETA_ECOLI/3-301	299	  778	10.0
ATB14_ARATH/173-383	211	BETA_ECOLI/3-301	299	  903	 9.6
ATB14_ARATH/173-383	211	BETA_ECOLI/3-301	299	 1355	 9.2
ATB14_ARATH/173-383	211	ALKJ_PSEOL/2-296	295	   54	13.5
ATB14_ARATH/173-383	211	ALKJ_PSEOL/2-296	295	   68	13.1
ATB14_ARATH/173-383	211	ALKJ_PSEOL/2-296	295	  108	12.7
ATB14_ARATH/173-383	211	ALKJ_PSEOL/2-296	295	  462	10.4
ATB14_ARATH/173-383	211	ALKJ_PSEOL/2-296	295	  561	10.4
ATB14_ARATH/173-383	211	ALKJ_PSEOL/2-296	295	 1263	 9.2
ATB14_ARATH/173-383	211	BETA_RHIME/3-293	291	   63	13.1
ATB14_ARATH/173-383	211	BETA_RHIME/3-293	291	  120	12.3
ATB14_ARATH/173-383	211	BETA_RHIME/3-293	291	  127	12.3
ATB14_ARATH/173-383	211	BETA_RHIME/3-293	291	  164	11.9
ATB14_ARATH/173-383	211	BETA_RHIME/3-293	291	  176	11.9
ATB14_ARATH/173-383	211	BETA_RHIME/3-293	291	  184	11.9
ATB14_ARATH/173-383	211	BETA_RHIME/3-293	291	  523	10.4
ATB14_ARATH/173-383	211	BETA_RHIME/3-293	291	  658	10.0
ATB14_ARATH/173-383	211	BETA_RHIME/3-293	291	 1031	 9.6
ATB14_ARATH/173-383	211	BETA_RHIME/3-293	291	 1263	 9.2
ATB14_ARATH/173-383	211	BETA_RHIME/3-293	291	 1561	 8.8
ATHB8_ARATH/159-369	211	ATHB8_ARATH/159-369	211	1e-159	  434
ATHB8_ARATH/159-369	211	ATB14_ARATH/173-383	211	1e-117	  328
ATHB8_ARATH/159-369	211	HGL2_ARATH/259-486	228	1e-09	45.8
ATHB8_ARATH/159-369	211	HGL2_ARATH/259-486	228	  217	11.5
ATHB8_ARATH/159-369	211	Q39948_HELAN/267-491	225	3e-09	44.7
ATHB8_ARATH/159-369	211	PPCT_BOVIN/10-213	204	1.4	18.5
ATHB8_ARATH/159-369	211	PPCT_BOVIN/10-213	204	   29	14.2
ATHB8_ARATH/159-369	211	PPCT_BOVIN/10-213	204	  196	11.5
ATHB8_ARATH/159-369	211	PPCT_BOVIN/10-213	204	  984	 9.6
ATHB8_ARATH/159-369	211	PPCT_BOVIN/10-213	204	 1105	 9.2
ATHB8_ARATH/159-369	211	Q9ZQZ4_ARATH/6-74	69	2.5	16.9
ATHB8_ARATH/159-369	211	Y1310_MYCBO/5-298	294	3.6	17.3
ATHB8_ARATH/159-369	211	Y1310_MYCBO/5-298	294	  167	11.9
ATHB8_ARATH/159-369	211	Y1310_MYCBO/5-298	294	  191	11.9
ATHB8_ARATH/159-369	211	Y1310_MYCBO/5-298	294	  351	10.8
ATHB8_ARATH/159-369	211	Y1310_MYCBO/5-298	294	  434	10.8
ATHB8_ARATH/159-369	211	Y1310_MYCBO/5-298	294	  491	10.4
ATHB8_ARATH/159-369	211	Y1310_MYCBO/5-298	294	  491	10.4
ATHB8_ARATH/159-369	211	Y1310_MYCBO/5-298	294	  629	10.0
ATHB8_ARATH/159-369	211	Y1310_MYCBO/5-298	294	  857	 9.6
ATHB8_ARATH/159-369	211	Y1310_MYCBO/5-298	294	 1177	 9.2
ATHB8_ARATH/159-369	211	BETA_ECOLI/3-301	299	6.1	16.5
ATHB8_ARATH/159-369	211	BETA_ECOLI/3-301	299	   64	13.1
ATHB8_ARATH/159-369	211	BETA_ECOLI/3-301	299	  211	11.5
ATHB8_ARATH/159-369	211	BETA_ECOLI/3-301	299	  327	11.2
ATHB8_ARATH/159-369	211	BETA_ECOLI/3-301	299	  597	10.0
ATHB8_ARATH/159-369	211	BETA_ECOLI/3-301	299	  919	 9.6
ATHB8_ARATH/159-369	211	DHGL_DROPS/65-363	299	7.7	16.2
ATHB8_ARATH/159-369	211	DHGL_DROPS/65-363	299	  164	11.9
ATHB8_ARATH/159-369	211	DHGL_DROPS/65-363	299	  183	11.9
ATHB8_ARATH/159-369	211	DHGL_DROPS/65-363	299	  216	11.5
ATHB8_ARATH/159-369	211	DHGL_DROPS/65-363	299	  260	11.2
ATHB8_ARATH/159-369	211	DHGL_DROPS/65-363	299	  358	10.8
ATHB8_ARATH/159-369	211	DHGL_DROPS/65-363	299	  371	10.8
ATHB8_ARATH/159-369	211	DHGL_DROPS/65-363	299	  523	10.4
ATHB8_ARATH/159-369	211	Q93569_CAEEL/344-568	225	   36	13.9
ATHB8_ARATH/159-369	211	Q93569_CAEEL/344-568	225	   84	12.7
ATHB8_ARATH/159-369	211	Q93569_CAEEL/344-568	225	  808	 9.6
ATHB8_ARATH/159-369	211	Q93569_CAEEL/344-568	225	 1376	 9.2
ATHB8_ARATH/159-369	211	BETA_RHIME/3-293	291	   39	13.9
ATHB8_ARATH/159-369	211	BETA_RHIME/3-293	291	   85	12.7
ATHB8_ARATH/159-369	211	BETA_RHIME/3-293	291	  152	11.9
ATHB8_ARATH/159-369	211	BETA_RHIME/3-293	291	  181	11.9
ATHB8_ARATH/159-369	211	BETA_RHIME/3-293	291	  240	11.5
ATHB8_ARATH/159-369	211	BETA_RHIME/3-293	291	  380	10.8
ATHB8_ARATH/159-369	211	BETA_RHIME/3-293	291	 1912	 8.5
ATHB8_ARATH/159-369	211	SF3A1_HUMAN_2/712-788	89	   96	12.7
ATHB8_ARATH/159-369	211	ALKJ_PSEOL/2-296	295	  173	11.9
ATHB8_ARATH/159-369	211	ALKJ_PSEOL/2-296	295	 1343	 9.2
ATHB8_ARATH/159-369	211	SF3A1_HUMAN/712-788	77	  286	11.2
ATHB8_ARATH/159-369	211	Q9SII9_ARATH/23-91	69	 1316	 9.2
ATHB8_ARATH/159-369	211	OASL_HUMAN/439-506	68	 1606	 8.8
HGL2_ARATH/259-486	228	HGL2_ARATH/259-486	228	6e-175	  474
HGL2_ARATH/259-486	228	Q39948_HELAN/267-491	225	1e-97	  278
HGL2_ARATH/259-486	228	ATHB8_ARATH/159-369	211	1e-09	45.8
HGL2_ARATH/259-486	228	ATHB8_ARATH/159-369	211	  234	11.5
HGL2_ARATH/259-486	228	ATB14_ARATH/173-383	211	3e-09	44.7
HGL2_ARATH/259-486	228	ATB14_ARATH/173-383	211	   59	13.5
HGL2_ARATH/259-486	228	Q9ZQZ4_ARATH/6-74	69	8.5	15.4
HGL2_ARATH/259-486	228	PPCT_BOVIN/10-213	204	   11	15.8
HGL2_ARATH/259-486	228	PPCT_BOVIN/10-213	204	   90	12.7
HGL2_ARATH/259-486	228	PPCT_BOVIN/10-213	204	  242	11.5
HGL2_ARATH/259-486	228	PPCT_BOVIN/10-213	204	 1291	 9.2
HGL2_ARATH/259-486	228	PPCT_BOVIN/10-213	204	 1326	 9.2
HGL2_ARATH/259-486	228	BETA_RHIME/3-293	291	   19	15.0
HGL2_ARATH/259-486	228	BETA_RHIME/3-293	291	   57	13.5
HGL2_ARATH/259-486	228	BETA_RHIME/3-293	291	  201	11.9
HGL2_ARATH/259-486	228	BETA_RHIME/3-293	291	  710	10.0
HGL2_ARATH/259-486	228	BETA_ECOLI/3-301	299	   35	14.2
HGL2_ARATH/259-486	228	BETA_ECOLI/3-301	299	   90	12.7
HGL2_ARATH/259-486	228	BETA_ECOLI/3-301	299	  256	11.5
HGL2_ARATH/259-486	228	BETA_ECOLI/3-301	299	  256	11.5
HGL2_ARATH/259-486	228	BETA_ECOLI/3-301	299	  287	11.2
HGL2_ARATH/259-486	228	BETA_ECOLI/3-301	299	  612	10.4
HGL2_ARATH/259-486	228	ALKJ_PSEOL/2-296	295	   51	13.5
HGL2_ARATH/259-486	228	ALKJ_PSEOL/2-296	295	  383	10.8
HGL2_ARATH/259-486	228	ALKJ_PSEOL/2-296	295	  422	10.8
HGL2_ARATH/259-486	228	DHGL_DROPS/65-363	299	   79	13.1
HGL2_ARATH/259-486	228	DHGL_DROPS/65-363	299	  639	10.4
HGL2_ARATH/259-486	228	DHGL_DROPS/65-363	299	 1055	 9.6
HGL2_ARATH/259-486	228	SF3A1_HUMAN_2/712-788	89	   86	12.7
HGL2_ARATH/259-486	228	SF3A1_HUMAN/712-788	77	   88	12.7
HGL2_ARATH/259-486	228	Y1310_MYCBO/5-298	294	  267	11.5
HGL2_ARATH/259-486	228	DSK2_YEAST/8-75	68	  378	10.8
Q39948_HELAN/267-491	225	Q39948_HELAN/267-491	225	2e-173	  471
Q39948_HELAN/267-491	225	HGL2_ARATH/259-486	228	1e-97	  278
Q39948_HELAN/267-491	225	ATHB8_ARATH/159-369	211	3e-09	44.7
Q39948_HELAN/267-491	225	ATB14_ARATH/173-383	211	1e-06	37.4
Q39948_HELAN/267-491	225	ATB14_ARATH/173-383	211	  244	11.5
Q39948_HELAN/267-491	225	Q93569_CAEEL/344-568	225	3.4	17.3
Q39948_HELAN/267-491	225	Q93569_CAEEL/344-568	225	   96	12.7
Q39948_HELAN/267-491	225	Q93569_CAEEL/344-568	225	  479	10.4
Q39948_HELAN/267-491	225	Q93569_CAEEL/344-568	225	  932	 9.6
Q39948_HELAN/267-491	225	Q93569_CAEEL/344-568	225	 1123	 9.2
Q39948_HELAN/267-491	225	BETA_RHIME/3-293	291	6.4	16.5
Q39948_HELAN/267-491	225	BETA_RHIME/3-293	291	9.6	15.8
Q39948_HELAN/267-491	225	BETA_RHIME/3-293	291	   20	15.0
Q39948_HELAN/267-491	225	BETA_RHIME/3-293	291	   22	14.6
Q39948_HELAN/267-491	225	BETA_RHIME/3-293	291	  134	12.3
Q39948_HELAN/267-491	225	BETA_RHIME/3-293	291	  206	11.5
Q39948_HELAN/267-491	225	BETA_RHIME/3-293	291	  988	 9.6
Q39948_HELAN/267-491	225	PPCT_BOVIN/10-213	204	   20	15.0
Q39948_HELAN/267-491	225	PPCT_BOVIN/10-213	204	   28	14.2
Q39948_HELAN/267-491	225	PPCT_BOVIN/10-213	204	  114	12.7
Q39948_HELAN/267-491	225	PPCT_BOVIN/10-213	204	  164	11.9
Q39948_HELAN/267-491	225	PPCT_BOVIN/10-213	204	  225	11.5
Q39948_HELAN/267-491	225	PPCT_BOVIN/10-213	204	  330	11.2
Q39948_HELAN/267-491	225	PPCT_BOVIN/10-213	204	  335	11.2
Q39948_HELAN/267-491	225	PPCT_BOVIN/10-213	204	  390	10.8
Q39948_HELAN/267-491	225	PPCT_BOVIN/10-213	204	  754	10.0
Q39948_HELAN/267-491	225	BETA_ECOLI/3-301	299	   31	14.2
Q39948_HELAN/267-491	225	BETA_ECOLI/3-301	299	   48	13.9
Q39948_HELAN/267-491	225	BETA_ECOLI/3-301	299	  108	12.7
Q39948_HELAN/267-491	225	BETA_ECOLI/3-301	299	  266	11.5
Q39948_HELAN/267-491	225	Y1310_MYCBO/5-298	294	   34	14.2
Q39948_HELAN/267-491	225	Y1310_MYCBO/5-298	294	   79	13.1
Q39948_HELAN/267-491	225	Y1310_MYCBO/5-298	294	  141	12.3
Q39948_HELAN/267-491	225	Y1310_MYCBO/5-298	294	  254	11.5
Q39948_HELAN/267-491	225	ALKJ_PSEOL/2-296	295	   76	13.1
Q39948_HELAN/267-491	225	ALKJ_PSEOL/2-296	295	  233	11.5
Q39948_HELAN/267-491	225	ALKJ_PSEOL/2-296	295	  382	10.8
Q39948_HELAN/267-491	225	ALKJ_PSEOL/2-296	295	 1632	 8.8
Q39948_HELAN/267-491	225	DHGL_DROPS/65-363	299	  151	12.3
Q39948_HELAN/267-491	225	DHGL_DROPS/65-363	299	  659	10.0
Y1310_MYCBO/5-298	294	Y1310_MYCBO/5-298	294	0.0	  600
Y1310_MYCBO/5-298	294	BETA_RHIME/3-293	291	2e-76	  229
Y1310_MYCBO/5-298	294	ALKJ_PSEOL/2-296	295	6e-71	  215
Y1310_MYCBO/5-298	294	DHGL_DROPS/65-363	299	1e-69	  212
Y1310_MYCBO/5-298	294	BETA_ECOLI/3-301	299	2e-59	  185
Y1310_MYCBO/5-298	294	ATB14_ARATH/173-383	211	2.9	17.7
Y1310_MYCBO/5-298	294	ATB14_ARATH/173-383	211	   24	15.0
Y1310_MYCBO/5-298	294	ATB14_ARATH/173-383	211	   97	13.1
Y1310_MYCBO/5-298	294	ATB14_ARATH/173-383	211	   99	13.1
Y1310_MYCBO/5-298	294	ATB14_ARATH/173-383	211	  211	11.9
Y1310_MYCBO/5-298	294	ATB14_ARATH/173-383	211	 1046	10.0
Y1310_MYCBO/5-298	294	ATB14_ARATH/173-383	211	 1270	 9.6
Y1310_MYCBO/5-298	294	ATB14_ARATH/173-383	211	 1462	 9.2
Y1310_MYCBO/5-298	294	ATB14_ARATH/173-383	211	 1611	 9.2
Y1310_MYCBO/5-298	294	ATHB8_ARATH/159-369	211	5.0	17.3
Y1310_MYCBO/5-298	294	ATHB8_ARATH/159-369	211	  233	11.9
Y1310_MYCBO/5-298	294	ATHB8_ARATH/159-369	211	  266	11.9
Y1310_MYCBO/5-298	294	ATHB8_ARATH/159-369	211	  490	10.8
Y1310_MYCBO/5-298	294	ATHB8_ARATH/159-369	211	  605	10.8
Y1310_MYCBO/5-298	294	ATHB8_ARATH/159-369	211	  685	10.4
Y1310_MYCBO/5-298	294	ATHB8_ARATH/159-369	211	  685	10.4
Y1310_MYCBO/5-298	294	ATHB8_ARATH/159-369	211	  877	10.0
Y1310_MYCBO/5-298	294	ATHB8_ARATH/159-369	211	 1194	 9.6
Y1310_MYCBO/5-298	294	ATHB8_ARATH/159-369	211	 1640	 9.2
Y1310_MYCBO/5-298	294	PPCT_BOVIN/10-213	204	   10	16.2
Y1310_MYCBO/5-298	294	PPCT_BOVIN/10-213	204	  320	11.5
Y1310_MYCBO/5-298	294	PPCT_BOVIN/10-213	204	  530	10.8
Y1310_MYCBO/5-298	294	PPCT_BOVIN/10-213	204	 1761	 9.2
Y1310_MYCBO/5-298	294	Q93569_CAEEL/344-568	225	   37	14.2
Y1310_MYCBO/5-298	294	Q93569_CAEEL/344-568	225	  229	11.9
Y1310_MYCBO/5-298	294	Q93569_CAEEL/344-568	225	  281	11.5
Y1310_MYCBO/5-298	294	Q93569_CAEEL/344-568	225	  363	11.2
Y1310_MYCBO/5-298	294	Q93569_CAEEL/344-568	225	 1258	 9.6
Y1310_MYCBO/5-298	294	Q93569_CAEEL/344-568	225	 1500	 9.2
Y1310_MYCBO/5-298	294	Q93569_CAEEL/344-568	225	 1988	 8.8
Y1310_MYCBO/5-298	294	Q39948_HELAN/267-491	225	   44	14.2
Y1310_MYCBO/5-298	294	Q39948_HELAN/267-491	225	  103	13.1
Y1310_MYCBO/5-298	294	Q39948_HELAN/267-491	225	  184	12.3
Y1310_MYCBO/5-298	294	Q39948_HELAN/267-491	225	  332	11.5
Y1310_MYCBO/5-298	294	HGL2_ARATH/259-486	228	  344	11.5
Y1310_MYCBO/5-298	294	DSK2_YEAST/8-75	68	  451	11.2
Y1310_MYCBO/5-298	294	Q91889_XENLA/33-101	69	  737	10.4
Y1310_MYCBO/5-298	294	Q9SII9_ARATH/23-91	69	 1436	 9.6
ALKJ_PSEOL/2-296	295	ALKJ_PSEOL/2-296	295	0.0	  612
ALKJ_PSEOL/2-296	295	BETA_RHIME/3-293	291	6e-78	  233
ALKJ_PSEOL/2-296	295	BETA_ECOLI/3-301	299	5e-73	  220
ALKJ_PSEOL/2-296	295	Y1310_MYCBO/5-298	294	7e-71	  215
ALKJ_PSEOL/2-296	295	DHGL_DROPS/65-363	299	8e-59	  184
ALKJ_PSEOL/2-296	295	Q9ZQZ4_ARATH/6-74	69	0.50	19.6
ALKJ_PSEOL/2-296	295	Q9ZQZ4_ARATH/6-74	69	4.9	16.5
ALKJ_PSEOL/2-296	295	PPCT_BOVIN/10-213	204	4.2	17.3
ALKJ_PSEOL/2-296	295	PPCT_BOVIN/10-213	204	   91	13.1
ALKJ_PSEOL/2-296	295	SF3A1_HUMAN/712-788	77	   49	13.9
ALKJ_PSEOL/2-296	295	SF3A1_HUMAN/712-788	77	 1460	 9.6
ALKJ_PSEOL/2-296	295	SF3A1_HUMAN_2/712-788	89	   54	13.9
ALKJ_PSEOL/2-296	295	SF3A1_HUMAN_2/712-788	89	  217	11.9
ALKJ_PSEOL/2-296	295	SF3A1_HUMAN_2/712-788	89	  430	11.2
ALKJ_PSEOL/2-296	295	SF3A1_HUMAN_2/712-788	89	 2037	 8.8
ALKJ_PSEOL/2-296	295	HGL2_ARATH/259-486	228	   66	13.5
ALKJ_PSEOL/2-296	295	HGL2_ARATH/259-486	228	  496	10.8
ALKJ_PSEOL/2-296	295	HGL2_ARATH/259-486	228	  547	10.8
ALKJ_PSEOL/2-296	295	ATB14_ARATH/173-383	211	   76	13.5
ALKJ_PSEOL/2-296	295	ATB14_ARATH/173-383	211	   96	13.1
ALKJ_PSEOL/2-296	295	ATB14_ARATH/173-383	211	  152	12.7
ALKJ_PSEOL/2-296	295	ATB14_ARATH/173-383	211	  646	10.4
ALKJ_PSEOL/2-296	295	ATB14_ARATH/173-383	211	  784	10.4
ALKJ_PSEOL/2-296	295	ATB14_ARATH/173-383	211	 1766	 9.2
ALKJ_PSEOL/2-296	295	Q93569_CAEEL/344-568	225	   83	13.5
ALKJ_PSEOL/2-296	295	Q93569_CAEEL/344-568	225	   86	13.5
ALKJ_PSEOL/2-296	295	Q93569_CAEEL/344-568	225	  144	12.7
ALKJ_PSEOL/2-296	295	Q93569_CAEEL/344-568	225	  168	12.3
ALKJ_PSEOL/2-296	295	Q93569_CAEEL/344-568	225	  172	12.3
ALKJ_PSEOL/2-296	295	Q93569_CAEEL/344-568	225	  325	11.5
ALKJ_PSEOL/2-296	295	Q93569_CAEEL/344-568	225	  431	11.2
ALKJ_PSEOL/2-296	295	Q93569_CAEEL/344-568	225	 1218	 9.6
ALKJ_PSEOL/2-296	295	Q93569_CAEEL/344-568	225	 1559	 9.2
ALKJ_PSEOL/2-296	295	Q93569_CAEEL/344-568	225	 1763	 9.2
ALKJ_PSEOL/2-296	295	Q93569_CAEEL/344-568	225	 1826	 9.2
ALKJ_PSEOL/2-296	295	Q93569_CAEEL/344-568	225	 2911	 8.5
ALKJ_PSEOL/2-296	295	Q39948_HELAN/267-491	225	  100	13.1
ALKJ_PSEOL/2-296	295	Q39948_HELAN/267-491	225	  305	11.5
ALKJ_PSEOL/2-296	295	Q39948_HELAN/267-491	225	  500	10.8
ALKJ_PSEOL/2-296	295	Q39948_HELAN/267-491	225	 2140	 8.8
ALKJ_PSEOL/2-296	295	ATHB8_ARATH/159-369	211	  242	11.9
ALKJ_PSEOL/2-296	295	ATHB8_ARATH/159-369	211	 1878	 9.2
ALKJ_PSEOL/2-296	295	Q9SII9_ARATH/23-91	69	  754	10.4
BETA_RHIME/3-293	291	BETA_RHIME/3-293	291	0.0	  595
BETA_RHIME/3-293	291	BETA_ECOLI/3-301	299	6e-87	  256
BETA_RHIME/3-293	291	ALKJ_PSEOL/2-296	295	6e-78	  233
BETA_RHIME/3-293	291	Y1310_MYCBO/5-298	294	2e-76	  229
BETA_RHIME/3-293	291	DHGL_DROPS/65-363	299	4e-59	  184
BETA_RHIME/3-293	291	PPCT_BOVIN/10-213	204	3.7	17.7
BETA_RHIME/3-293	291	PPCT_BOVIN/10-213	204	   51	13.9
BETA_RHIME/3-293	291	Q9ZQZ4_ARATH/6-74	69	6.6	16.2
BETA_RHIME/3-293	291	Q9ZQZ4_ARATH/6-74	69	8.2	15.8
BETA_RHIME/3-293	291	Q9ZQZ4_ARATH/6-74	69	  265	11.5
BETA_RHIME/3-293	291	Q9ZQZ4_ARATH/6-74	69	  366	11.2
BETA_RHIME/3-293	291	Q9ZQZ4_ARATH/6-74	69	 1270	 9.6
BETA_RHIME/3-293	291	Q39948_HELAN/267-491	225	8.3	16.5
BETA_RHIME/3-293	291	Q39948_HELAN/267-491	225	   12	15.8
BETA_RHIME/3-293	291	Q39948_HELAN/267-491	225	   26	15.0
BETA_RHIME/3-293	291	Q39948_HELAN/267-491	225	   29	14.6
BETA_RHIME/3-293	291	Q39948_HELAN/267-491	225	  173	12.3
BETA_RHIME/3-293	291	Q39948_HELAN/267-491	225	  266	11.5
BETA_RHIME/3-293	291	Q39948_HELAN/267-491	225	 1278	 9.6
BETA_RHIME/3-293	291	SF3A1_HUMAN_2/712-788	89	   18	15.0
BETA_RHIME/3-293	291	SF3A1_HUMAN_2/712-788	89	  109	12.7
BETA_RHIME/3-293	291	SF3A1_HUMAN_2/712-788	89	  122	12.7
BETA_RHIME/3-293	291	SF3A1_HUMAN_2/712-788	89	  416	11.2
BETA_RHIME/3-293	291	SF3A1_HUMAN_2/712-788	89	 2085	 8.8
BETA_RHIME/3-293	291	DSK2_YEAST/8-75	68	   19	15.0
BETA_RHIME/3-293	291	DSK2_YEAST/8-75	68	   76	13.1
BETA_RHIME/3-293	291	DSK2_YEAST/8-75	68	  604	10.8
BETA_RHIME/3-293	291	HGL2_ARATH/259-486	228	   24	15.0
BETA_RHIME/3-293	291	HGL2_ARATH/259-486	228	   73	13.5
BETA_RHIME/3-293	291	HGL2_ARATH/259-486	228	  257	11.9
BETA_RHIME/3-293	291	HGL2_ARATH/259-486	228	  907	10.0
BETA_RHIME/3-293	291	ATHB8_ARATH/159-369	211	   54	13.9
BETA_RHIME/3-293	291	ATHB8_ARATH/159-369	211	  118	12.7
BETA_RHIME/3-293	291	ATHB8_ARATH/159-369	211	  209	11.9
BETA_RHIME/3-293	291	ATHB8_ARATH/159-369	211	  250	11.9
BETA_RHIME/3-293	291	ATHB8_ARATH/159-369	211	  331	11.5
BETA_RHIME/3-293	291	ATHB8_ARATH/159-369	211	  525	10.8
BETA_RHIME/3-293	291	ATHB8_ARATH/159-369	211	 2637	 8.5
BETA_RHIME/3-293	291	ATB14_ARATH/173-383	211	   87	13.1
BETA_RHIME/3-293	291	ATB14_ARATH/173-383	211	  166	12.3
BETA_RHIME/3-293	291	ATB14_ARATH/173-383	211	  175	12.3
BETA_RHIME/3-293	291	ATB14_ARATH/173-383	211	  226	11.9
BETA_RHIME/3-293	291	ATB14_ARATH/173-383	211	  243	11.9
BETA_RHIME/3-293	291	ATB14_ARATH/173-383	211	  254	11.9
BETA_RHIME/3-293	291	ATB14_ARATH/173-383	211	  721	10.4
BETA_RHIME/3-293	291	ATB14_ARATH/173-383	211	  907	10.0
BETA_RHIME/3-293	291	ATB14_ARATH/173-383	211	 1422	 9.6
BETA_RHIME/3-293	291	ATB14_ARATH/173-383	211	 1742	 9.2
BETA_RHIME/3-293	291	ATB14_ARATH/173-383	211	 2153	 8.8
BETA_RHIME/3-293	291	Q93569_CAEEL/344-568	225	   91	13.1
BETA_RHIME/3-293	291	Q93569_CAEEL/344-568	225	  248	11.9
BETA_RHIME/3-293	291	Q93569_CAEEL/344-568	225	  301	11.5
BETA_RHIME/3-293	291	Q93569_CAEEL/344-568	225	  436	11.2
BETA_RHIME/3-293	291	Q93569_CAEEL/344-568	225	 1968	 8.8
BETA_RHIME/3-293	291	Q93569_CAEEL/344-568	225	 2038	 8.8
BETA_RHIME/3-293	291	SF3A1_HUMAN/712-788	77	  102	12.7
BETA_RHIME/3-293	291	SF3A1_HUMAN/712-788	77	  417	11.2
BETA_RHIME/3-293	291	Q91889_XENLA/33-101	69	  265	11.5
BETA_RHIME/3-293	291	OASL_HUMAN/439-506	68	  671	10.4
BETA_RHIME/3-293	291	OASL_HUMAN/439-506	68	  690	10.4
BETA_RHIME/3-293	291	Q9SII9_ARATH/23-91	69	 1259	 9.6
BETA_ECOLI/3-301	299	BETA_ECOLI/3-301	299	0.0	  619
BETA_ECOLI/3-301	299	BETA_RHIME/3-293	291	6e-87	  256
BETA_ECOLI/3-301	299	ALKJ_PSEOL/2-296	295	5e-73	  220
BETA_ECOLI/3-301	299	Y1310_MYCBO/5-298	294	2e-59	  185
BETA_ECOLI/3-301	299	DHGL_DROPS/65-363	299	3e-56	  177
BETA_ECOLI/3-301	299	PPCT_BOVIN/10-213	204	3.6	17.7
BETA_ECOLI/3-301	299	PPCT_BOVIN/10-213	204	  362	11.2
BETA_ECOLI/3-301	299	PPCT_BOVIN/10-213	204	 1292	 9.6
BETA_ECOLI/3-301	299	PPCT_BOVIN/10-213	204	 1583	 9.2
BETA_ECOLI/3-301	299	PPCT_BOVIN/10-213	204	 1939	 9.2
BETA_ECOLI/3-301	299	PPCT_BOVIN/10-213	204	 4807	 7.7
BETA_ECOLI/3-301	299	Q9ZQZ4_ARATH/6-74	69	7.6	16.2
BETA_ECOLI/3-301	299	ATHB8_ARATH/159-369	211	8.6	16.5
BETA_ECOLI/3-301	299	ATHB8_ARATH/159-369	211	   91	13.1
BETA_ECOLI/3-301	299	ATHB8_ARATH/159-369	211	  298	11.5
BETA_ECOLI/3-301	299	ATHB8_ARATH/159-369	211	  464	11.2
BETA_ECOLI/3-301	299	ATHB8_ARATH/159-369	211	  846	10.0
BETA_ECOLI/3-301	299	ATHB8_ARATH/159-369	211	 1303	 9.6
BETA_ECOLI/3-301	299	OASL_HUMAN/439-506	68	   15	15.4
BETA_ECOLI/3-301	299	OASL_HUMAN/439-506	68	   45	13.9
BETA_ECOLI/3-301	299	OASL_HUMAN/439-506	68	  339	11.5
BETA_ECOLI/3-301	299	ATB14_ARATH/173-383	211	   16	15.8
BETA_ECOLI/3-301	299	ATB14_ARATH/173-383	211	   28	15.0
BETA_ECOLI/3-301	299	ATB14_ARATH/173-383	211	  204	12.3
BETA_ECOLI/3-301	299	ATB14_ARATH/173-383	211	  460	11.2
BETA_ECOLI/3-301	299	ATB14_ARATH/173-383	211	  520	10.8
BETA_ECOLI/3-301	299	ATB14_ARATH/173-383	211	  684	10.4
BETA_ECOLI/3-301	299	ATB14_ARATH/173-383	211	 1102	10.0
BETA_ECOLI/3-301	299	ATB14_ARATH/173-383	211	 1280	 9.6
BETA_ECOLI/3-301	299	ATB14_ARATH/173-383	211	 1920	 9.2
BETA_ECOLI/3-301	299	Q93569_CAEEL/344-568	225	   18	15.4
BETA_ECOLI/3-301	299	Q93569_CAEEL/344-568	225	  189	12.3
BETA_ECOLI/3-301	299	Q93569_CAEEL/344-568	225	  205	12.3
BETA_ECOLI/3-301	299	Q93569_CAEEL/344-568	225	  616	10.8
BETA_ECOLI/3-301	299	Q93569_CAEEL/344-568	225	 1538	 9.2
BETA_ECOLI/3-301	299	SF3A1_HUMAN_2/712-788	89	   28	14.6
BETA_ECOLI/3-301	299	Q39948_HELAN/267-491	225	   41	14.2
BETA_ECOLI/3-301	299	Q39948_HELAN/267-491	225	   63	13.9
BETA_ECOLI/3-301	299	Q39948_HELAN/267-491	225	  144	12.7
BETA_ECOLI/3-301	299	Q39948_HELAN/267-491	225	  353	11.5
BETA_ECOLI/3-301	299	HGL2_ARATH/259-486	228	   46	14.2
BETA_ECOLI/3-301	299	HGL2_ARATH/259-486	228	  118	12.7
BETA_ECOLI/3-301	299	HGL2_ARATH/259-486	228	  335	11.5
BETA_ECOLI/3-301	299	HGL2_ARATH/259-486	228	  335	11.5
BETA_ECOLI/3-301	299	HGL2_ARATH/259-486	228	  376	11.2
BETA_ECOLI/3-301	299	HGL2_ARATH/259-486	228	  802	10.4
BETA_ECOLI/3-301	299	Q91889_XENLA/33-101	69	  418	11.2
BETA_ECOLI/3-301	299	Q91889_XENLA/33-101	69	  914	10.0
BETA_ECOLI/3-301	299	Q9SII9_ARATH/23-91	69	  524	10.8
DHGL_DROPS/65-363	299	DHGL_DROPS/65-363	299	0.0	  617
DHGL_DROPS/65-363	299	Y1310_MYCBO/5-298	294	1e-69	  212
DHGL_DROPS/65-363	299	BETA_RHIME/3-293	291	4e-59	  184
DHGL_DROPS/65-363	299	ALKJ_PSEOL/2-296	295	9e-59	  184
DHGL_DROPS/65-363	299	BETA_ECOLI/3-301	299	3e-56	  177
DHGL_DROPS/65-363	299	PPCT_BOVIN/10-213	204	2.5	18.1
DHGL_DROPS/65-363	299	PPCT_BOVIN/10-213	204	   55	13.9
DHGL_DROPS/65-363	299	PPCT_BOVIN/10-213	204	  123	12.7
DHGL_DROPS/65-363	299	PPCT_BOVIN/10-213	204	  175	12.3
DHGL_DROPS/65-363	299	PPCT_BOVIN/10-213	204	  231	11.9
DHGL_DROPS/65-363	299	PPCT_BOVIN/10-213	204	  290	11.5
DHGL_DROPS/65-363	299	PPCT_BOVIN/10-213	204	  599	10.8
DHGL_DROPS/65-363	299	PPCT_BOVIN/10-213	204	  604	10.8
DHGL_DROPS/65-363	299	PPCT_BOVIN/10-213	204	  940	10.0
DHGL_DROPS/65-363	299	PPCT_BOVIN/10-213	204	 1162	 9.6
DHGL_DROPS/65-363	299	ATHB8_ARATH/159-369	211	   11	16.2
DHGL_DROPS/65-363	299	ATHB8_ARATH/159-369	211	  233	11.9
DHGL_DROPS/65-363	299	ATHB8_ARATH/159-369	211	  259	11.9
DHGL_DROPS/65-363	299	ATHB8_ARATH/159-369	211	  306	11.5
DHGL_DROPS/65-363	299	ATHB8_ARATH/159-369	211	  369	11.2
DHGL_DROPS/65-363	299	ATHB8_ARATH/159-369	211	  507	10.8
DHGL_DROPS/65-363	299	ATHB8_ARATH/159-369	211	  525	10.8
DHGL_DROPS/65-363	299	ATHB8_ARATH/159-369	211	  741	10.4
DHGL_DROPS/65-363	299	ATB14_ARATH/173-383	211	   13	15.8
DHGL_DROPS/65-363	299	ATB14_ARATH/173-383	211	   53	13.9
DHGL_DROPS/65-363	299	ATB14_ARATH/173-383	211	   76	13.5
DHGL_DROPS/65-363	299	ATB14_ARATH/173-383	211	  876	10.0
DHGL_DROPS/65-363	299	ATB14_ARATH/173-383	211	 1018	10.0
DHGL_DROPS/65-363	299	ATB14_ARATH/173-383	211	 3009	 8.5
DHGL_DROPS/65-363	299	Q93569_CAEEL/344-568	225	   65	13.9
DHGL_DROPS/65-363	299	Q93569_CAEEL/344-568	225	  709	10.4
DHGL_DROPS/65-363	299	Q93569_CAEEL/344-568	225	  982	10.0
DHGL_DROPS/65-363	299	Q93569_CAEEL/344-568	225	 1121	 9.6
DHGL_DROPS/65-363	299	Q93569_CAEEL/344-568	225	 1161	 9.6
DHGL_DROPS/65-363	299	Q93569_CAEEL/344-568	225	 1325	 9.6
DHGL_DROPS/65-363	299	Q93569_CAEEL/344-568	225	 2039	 8.8
DHGL_DROPS/65-363	299	HGL2_ARATH/259-486	228	  104	13.1
DHGL_DROPS/65-363	299	HGL2_ARATH/259-486	228	  838	10.4
DHGL_DROPS/65-363	299	HGL2_ARATH/259-486	228	 1384	 9.6
DHGL_DROPS/65-363	299	Q9ZQZ4_ARATH/6-74	69	  107	12.7
DHGL_DROPS/65-363	299	Q9ZQZ4_ARATH/6-74	69	  126	12.7
DHGL_DROPS/65-363	299	Q39948_HELAN/267-491	225	  201	12.3
DHGL_DROPS/65-363	299	Q39948_HELAN/267-491	225	  876	10.0
DHGL_DROPS/65-363	299	SF3A1_HUMAN_2/712-788	89	  831	10.4
DHGL_DROPS/65-363	299	SF3A1_HUMAN/712-788	77	 1039	10.0
DHGL_DROPS/65-363	299	Q91889_XENLA/33-101	69	 1292	 9.6
DHGL_DROPS/65-363	299	DSK2_YEAST/8-75	68	 1846	 9.2
DHGL_DROPS/65-363	299	DSK2_YEAST/8-75	68	 2026	 9.2
