SF3A1_HUMAN/712-788	77	SF3A1_HUMAN/712-788	77	1e-53	  161
SF3A1_HUMAN/712-788	77	SF3A1_HUMAN_2/712-788	89	3e-53	  160
SF3A1_HUMAN/712-788	77	SF3A1_HUMAN_2/712-788	89	0.001	31.2
SF3A1_HUMAN/712-788	77	Q91889_XENLA/33-101	69	1e-05	36.2
SF3A1_HUMAN/712-788	77	Q91889_XENLA/33-101	69	 1474	14.6
SF3A1_HUMAN/712-788	77	DSK2_YEAST/8-75	68	1e-05	36.2
SF3A1_HUMAN/712-788	77	Q9SII9_ARATH/23-91	69	3e-05	35.0
SF3A1_HUMAN/712-788	77	Q9ZQZ4_ARATH/6-74	69	0.002	30.0
SF3A1_HUMAN/712-788	77	OASL_HUMAN/439-506	68	0.013	28.1
SF3A1_HUMAN/712-788	77	ATB14_ARATH/173-383	211	   17	20.4
SF3A1_HUMAN/712-788	77	ALKJ_PSEOL/2-296	295	 3890	13.9
SF3A1_HUMAN/712-788	77	ALKJ_PSEOL/2-296	295	115780	 9.6
SF3A1_HUMAN/712-788	77	BETA_RHIME/3-293	291	 8165	12.7
SF3A1_HUMAN/712-788	77	BETA_RHIME/3-293	291	33536	11.2
SF3A1_HUMAN/712-788	77	HGL2_ARATH/259-486	228	 8988	12.7
SF3A1_HUMAN/712-788	77	PPCT_BOVIN/10-213	204	10728	12.7
SF3A1_HUMAN/712-788	77	ATHB8_ARATH/159-369	211	31662	11.2
SF3A1_HUMAN/712-788	77	DHGL_DROPS/65-363	299	81336	10.0
SF3A1_HUMAN_2/712-788	89	SF3A1_HUMAN_2/712-788	89	6e-63	  186
SF3A1_HUMAN_2/712-788	89	SF3A1_HUMAN/712-788	77	3e-53	  160
SF3A1_HUMAN_2/712-788	89	SF3A1_HUMAN/712-788	77	0.001	31.2
SF3A1_HUMAN_2/712-788	89	DSK2_YEAST/8-75	68	7e-06	37.4
SF3A1_HUMAN_2/712-788	89	Q91889_XENLA/33-101	69	2e-05	36.2
SF3A1_HUMAN_2/712-788	89	Q91889_XENLA/33-101	69	 1745	14.6
SF3A1_HUMAN_2/712-788	89	Q9SII9_ARATH/23-91	69	7e-05	34.3
SF3A1_HUMAN_2/712-788	89	Q9ZQZ4_ARATH/6-74	69	0.004	29.6
SF3A1_HUMAN_2/712-788	89	OASL_HUMAN/439-506	68	0.031	27.3
SF3A1_HUMAN_2/712-788	89	ATB14_ARATH/173-383	211	   24	20.4
SF3A1_HUMAN_2/712-788	89	ATB14_ARATH/173-383	211	 2692	14.6
SF3A1_HUMAN_2/712-788	89	BETA_RHIME/3-293	291	 1655	15.0
SF3A1_HUMAN_2/712-788	89	BETA_RHIME/3-293	291	10156	12.7
SF3A1_HUMAN_2/712-788	89	BETA_RHIME/3-293	291	11359	12.7
SF3A1_HUMAN_2/712-788	89	BETA_RHIME/3-293	291	38694	11.2
SF3A1_HUMAN_2/712-788	89	BETA_RHIME/3-293	291	193763	 8.8
SF3A1_HUMAN_2/712-788	89	BETA_ECOLI/3-301	299	 2513	14.6
SF3A1_HUMAN_2/712-788	89	ALKJ_PSEOL/2-296	295	 4944	13.9
SF3A1_HUMAN_2/712-788	89	ALKJ_PSEOL/2-296	295	19859	11.9
SF3A1_HUMAN_2/712-788	89	ALKJ_PSEOL/2-296	295	39418	11.2
SF3A1_HUMAN_2/712-788	89	ALKJ_PSEOL/2-296	295	186717	 8.8
SF3A1_HUMAN_2/712-788	89	PPCT_BOVIN/10-213	204	10105	12.7
SF3A1_HUMAN_2/712-788	89	HGL2_ARATH/259-486	228	10156	12.7
SF3A1_HUMAN_2/712-788	89	ATHB8_ARATH/159-369	211	12331	12.7
SF3A1_HUMAN_2/712-788	89	DHGL_DROPS/65-363	299	75188	10.4
Q91889_XENLA/33-101	69	Q91889_XENLA/33-101	69	1e-46	  143
Q91889_XENLA/33-101	69	DSK2_YEAST/8-75	68	6e-09	45.4
Q91889_XENLA/33-101	69	SF3A1_HUMAN/712-788	77	1e-05	36.2
Q91889_XENLA/33-101	69	SF3A1_HUMAN/712-788	77	 1320	14.6
Q91889_XENLA/33-101	69	SF3A1_HUMAN_2/712-788	89	1e-05	36.2
Q91889_XENLA/33-101	69	SF3A1_HUMAN_2/712-788	89	 1353	14.6
Q91889_XENLA/33-101	69	Q9ZQZ4_ARATH/6-74	69	7e-05	33.9
Q91889_XENLA/33-101	69	OASL_HUMAN/439-506	68	2e-04	32.7
Q91889_XENLA/33-101	69	BETA_RHIME/3-293	291	19125	11.5
Q91889_XENLA/33-101	69	BETA_ECOLI/3-301	299	29302	11.2
Q91889_XENLA/33-101	69	BETA_ECOLI/3-301	299	64057	10.0
Q91889_XENLA/33-101	69	Y1310_MYCBO/5-298	294	52593	10.4
Q91889_XENLA/33-101	69	DHGL_DROPS/65-363	299	90624	 9.6
Q91889_XENLA/33-101	69	Q93569_CAEEL/344-568	225	110155	 9.2
OASL_HUMAN/439-506	68	OASL_HUMAN/439-506	68	5e-43	  133
OASL_HUMAN/439-506	68	DSK2_YEAST/8-75	68	1e-05	35.8
OASL_HUMAN/439-506	68	Q9ZQZ4_ARATH/6-74	69	1e-05	35.8
OASL_HUMAN/439-506	68	Q9ZQZ4_ARATH/6-74	69	 6130	13.1
OASL_HUMAN/439-506	68	Q9SII9_ARATH/23-91	69	1e-04	33.1
OASL_HUMAN/439-506	68	Q91889_XENLA/33-101	69	2e-04	32.7
OASL_HUMAN/439-506	68	SF3A1_HUMAN/712-788	77	0.011	28.1
OASL_HUMAN/439-506	68	SF3A1_HUMAN_2/712-788	89	0.024	27.3
OASL_HUMAN/439-506	68	Q93569_CAEEL/344-568	225	   40	19.2
OASL_HUMAN/439-506	68	Q93569_CAEEL/344-568	225	93446	 9.6
OASL_HUMAN/439-506	68	PPCT_BOVIN/10-213	204	  201	17.3
OASL_HUMAN/439-506	68	PPCT_BOVIN/10-213	204	52574	10.4
OASL_HUMAN/439-506	68	BETA_ECOLI/3-301	299	 1046	15.4
OASL_HUMAN/439-506	68	BETA_ECOLI/3-301	299	 3124	13.9
OASL_HUMAN/439-506	68	BETA_ECOLI/3-301	299	23420	11.5
OASL_HUMAN/439-506	68	BETA_RHIME/3-293	291	47615	10.4
OASL_HUMAN/439-506	68	BETA_RHIME/3-293	291	48981	10.4
OASL_HUMAN/439-506	68	ATHB8_ARATH/159-369	211	157230	 8.8
Q9ZQZ4_ARATH/6-74	69	Q9ZQZ4_ARATH/6-74	69	2e-45	  140
Q9ZQZ4_ARATH/6-74	69	DSK2_YEAST/8-75	68	2e-06	38.5
Q9ZQZ4_ARATH/6-74	69	Q9SII9_ARATH/23-91	69	3e-06	38.1
Q9ZQZ4_ARATH/6-74	69	OASL_HUMAN/439-506	68	1e-05	35.8
Q9ZQZ4_ARATH/6-74	69	OASL_HUMAN/439-506	68	 6220	13.1
Q9ZQZ4_ARATH/6-74	69	Q91889_XENLA/33-101	69	7e-05	33.9
Q9ZQZ4_ARATH/6-74	69	SF3A1_HUMAN/712-788	77	0.002	30.0
Q9ZQZ4_ARATH/6-74	69	SF3A1_HUMAN_2/712-788	89	0.003	29.6
Q9ZQZ4_ARATH/6-74	69	ALKJ_PSEOL/2-296	295	   36	19.6
Q9ZQZ4_ARATH/6-74	69	ALKJ_PSEOL/2-296	295	  348	16.5
Q9ZQZ4_ARATH/6-74	69	ATB14_ARATH/173-383	211	  221	17.3
Q9ZQZ4_ARATH/6-74	69	ATHB8_ARATH/159-369	211	  248	16.9
Q9ZQZ4_ARATH/6-74	69	BETA_RHIME/3-293	291	  472	16.2
Q9ZQZ4_ARATH/6-74	69	BETA_RHIME/3-293	291	  594	15.8
Q9ZQZ4_ARATH/6-74	69	BETA_RHIME/3-293	291	19125	11.5
Q9ZQZ4_ARATH/6-74	69	BETA_RHIME/3-293	291	26404	11.2
Q9ZQZ4_ARATH/6-74	69	BETA_RHIME/3-293	291	91530	 9.6
Q9ZQZ4_ARATH/6-74	69	BETA_ECOLI/3-301	299	  536	16.2
Q9ZQZ4_ARATH/6-74	69	HGL2_ARATH/259-486	228	  786	15.4
Q9ZQZ4_ARATH/6-74	69	Q93569_CAEEL/344-568	225	 1237	15.0
Q9ZQZ4_ARATH/6-74	69	DHGL_DROPS/65-363	299	 7509	12.7
Q9ZQZ4_ARATH/6-74	69	DHGL_DROPS/65-363	299	 8837	12.7
Q9SII9_ARATH/23-91	69	Q9SII9_ARATH/23-91	69	3e-47	  144
Q9SII9_ARATH/23-91	69	DSK2_YEAST/8-75	68	1e-16	65.9
Q9SII9_ARATH/23-91	69	Q9ZQZ4_ARATH/6-74	69	3e-06	38.1
Q9SII9_ARATH/23-91	69	SF3A1_HUMAN/712-788	77	3e-05	35.0
Q9SII9_ARATH/23-91	69	SF3A1_HUMAN_2/712-788	89	6e-05	34.3
Q9SII9_ARATH/23-91	69	OASL_HUMAN/439-506	68	1e-04	33.1
Q9SII9_ARATH/23-91	69	Q93569_CAEEL/344-568	225	 2508	14.2
Q9SII9_ARATH/23-91	69	BETA_ECOLI/3-301	299	36759	10.8
Q9SII9_ARATH/23-91	69	ALKJ_PSEOL/2-296	295	53590	10.4
Q9SII9_ARATH/23-91	69	PPCT_BOVIN/10-213	204	74325	10.0
Q9SII9_ARATH/23-91	69	PPCT_BOVIN/10-213	204	92377	 9.6
Q9SII9_ARATH/23-91	69	BETA_RHIME/3-293	291	90676	 9.6
Q9SII9_ARATH/23-91	69	Y1310_MYCBO/5-298	294	102390	 9.6
Q9SII9_ARATH/23-91	69	ATHB8_ARATH/159-369	211	130781	 9.2
DSK2_YEAST/8-75	68	DSK2_YEAST/8-75	68	9e-46	  140
DSK2_YEAST/8-75	68	Q9SII9_ARATH/23-91	69	1e-16	65.9
DSK2_YEAST/8-75	68	Q91889_XENLA/33-101	69	6e-09	45.4
DSK2_YEAST/8-75	68	Q9ZQZ4_ARATH/6-74	69	2e-06	38.5
DSK2_YEAST/8-75	68	SF3A1_HUMAN_2/712-788	89	5e-06	37.4
DSK2_YEAST/8-75	68	SF3A1_HUMAN/712-788	77	1e-05	36.2
DSK2_YEAST/8-75	68	OASL_HUMAN/439-506	68	1e-05	35.8
DSK2_YEAST/8-75	68	BETA_RHIME/3-293	291	 1322	15.0
DSK2_YEAST/8-75	68	BETA_RHIME/3-293	291	 5365	13.1
DSK2_YEAST/8-75	68	BETA_RHIME/3-293	291	42921	10.8
DSK2_YEAST/8-75	68	Y1310_MYCBO/5-298	294	31716	11.2
DSK2_YEAST/8-75	68	HGL2_ARATH/259-486	228	34239	10.8
DSK2_YEAST/8-75	68	PPCT_BOVIN/10-213	204	44727	10.4
DSK2_YEAST/8-75	68	PPCT_BOVIN/10-213	204	110053	 9.2
DSK2_YEAST/8-75	68	PPCT_BOVIN/10-213	204	183052	 8.8
DSK2_YEAST/8-75	68	DHGL_DROPS/65-363	299	127544	 9.2
DSK2_YEAST/8-75	68	DHGL_DROPS/65-363	299	140038	 9.2
PPCT_BOVIN/10-213	204	PPCT_BOVIN/10-213	204	3e-153	  424
PPCT_BOVIN/10-213	204	Q93569_CAEEL/344-568	225	0.72	26.9
PPCT_BOVIN/10-213	204	Q93569_CAEEL/344-568	225	528188	 8.8
PPCT_BOVIN/10-213	204	ATB14_ARATH/173-383	211	  262	18.9
PPCT_BOVIN/10-213	204	ATB14_ARATH/173-383	211	98278	11.2
PPCT_BOVIN/10-213	204	ATB14_ARATH/173-383	211	451061	 8.8
PPCT_BOVIN/10-213	204	ATHB8_ARATH/159-369	211	  403	18.5
PPCT_BOVIN/10-213	204	ATHB8_ARATH/159-369	211	 8463	14.2
PPCT_BOVIN/10-213	204	ATHB8_ARATH/159-369	211	57512	11.5
PPCT_BOVIN/10-213	204	ATHB8_ARATH/159-369	211	289029	 9.6
PPCT_BOVIN/10-213	204	ATHB8_ARATH/159-369	211	324499	 9.2
PPCT_BOVIN/10-213	204	DHGL_DROPS/65-363	299	  526	18.1
PPCT_BOVIN/10-213	204	DHGL_DROPS/65-363	299	11473	13.9
PPCT_BOVIN/10-213	204	DHGL_DROPS/65-363	299	25483	12.7
PPCT_BOVIN/10-213	204	DHGL_DROPS/65-363	299	36320	12.3
PPCT_BOVIN/10-213	204	DHGL_DROPS/65-363	299	47790	11.9
PPCT_BOVIN/10-213	204	DHGL_DROPS/65-363	299	60154	11.5
PPCT_BOVIN/10-213	204	DHGL_DROPS/65-363	299	124214	10.8
PPCT_BOVIN/10-213	204	DHGL_DROPS/65-363	299	125317	10.8
PPCT_BOVIN/10-213	204	DHGL_DROPS/65-363	299	194914	10.0
PPCT_BOVIN/10-213	204	DHGL_DROPS/65-363	299	240921	 9.6
PPCT_BOVIN/10-213	204	OASL_HUMAN/439-506	68	  604	17.3
PPCT_BOVIN/10-213	204	OASL_HUMAN/439-506	68	157722	10.4
PPCT_BOVIN/10-213	204	BETA_ECOLI/3-301	299	  738	17.7
PPCT_BOVIN/10-213	204	BETA_ECOLI/3-301	299	75043	11.2
PPCT_BOVIN/10-213	204	BETA_ECOLI/3-301	299	267842	 9.6
PPCT_BOVIN/10-213	204	BETA_ECOLI/3-301	299	328121	 9.2
PPCT_BOVIN/10-213	204	BETA_ECOLI/3-301	299	401941	 9.2
PPCT_BOVIN/10-213	204	BETA_ECOLI/3-301	299	996537	 7.7
PPCT_BOVIN/10-213	204	BETA_RHIME/3-293	291	  789	17.7
PPCT_BOVIN/10-213	204	BETA_RHIME/3-293	291	10956	13.9
PPCT_BOVIN/10-213	204	ALKJ_PSEOL/2-296	295	  879	17.3
PPCT_BOVIN/10-213	204	ALKJ_PSEOL/2-296	295	19177	13.1
PPCT_BOVIN/10-213	204	Y1310_MYCBO/5-298	294	 2137	16.2
PPCT_BOVIN/10-213	204	Y1310_MYCBO/5-298	294	67464	11.5
PPCT_BOVIN/10-213	204	Y1310_MYCBO/5-298	294	111700	10.8
PPCT_BOVIN/10-213	204	Y1310_MYCBO/5-298	294	371381	 9.2
PPCT_BOVIN/10-213	204	HGL2_ARATH/259-486	228	 3070	15.8
PPCT_BOVIN/10-213	204	HGL2_ARATH/259-486	228	24484	12.7
PPCT_BOVIN/10-213	204	HGL2_ARATH/259-486	228	65897	11.5
PPCT_BOVIN/10-213	204	HGL2_ARATH/259-486	228	350925	 9.2
PPCT_BOVIN/10-213	204	HGL2_ARATH/259-486	228	360401	 9.2
PPCT_BOVIN/10-213	204	Q39948_HELAN/267-491	225	 5640	15.0
PPCT_BOVIN/10-213	204	Q39948_HELAN/267-491	225	 7648	14.2
PPCT_BOVIN/10-213	204	Q39948_HELAN/267-491	225	31415	12.7
PPCT_BOVIN/10-213	204	Q39948_HELAN/267-491	225	45295	11.9
PPCT_BOVIN/10-213	204	Q39948_HELAN/267-491	225	61889	11.5
PPCT_BOVIN/10-213	204	Q39948_HELAN/267-491	225	90791	11.2
PPCT_BOVIN/10-213	204	Q39948_HELAN/267-491	225	92423	11.2
PPCT_BOVIN/10-213	204	Q39948_HELAN/267-491	225	107533	10.8
PPCT_BOVIN/10-213	204	Q39948_HELAN/267-491	225	207759	10.0
PPCT_BOVIN/10-213	204	SF3A1_HUMAN_2/712-788	89	23162	12.7
PPCT_BOVIN/10-213	204	SF3A1_HUMAN/712-788	77	28422	12.7
PPCT_BOVIN/10-213	204	DSK2_YEAST/8-75	68	134180	10.4
PPCT_BOVIN/10-213	204	DSK2_YEAST/8-75	68	330160	 9.2
PPCT_BOVIN/10-213	204	DSK2_YEAST/8-75	68	549155	 8.8
PPCT_BOVIN/10-213	204	Q9SII9_ARATH/23-91	69	219743	10.0
PPCT_BOVIN/10-213	204	Q9SII9_ARATH/23-91	69	273115	 9.6
Q93569_CAEEL/344-568	225	Q93569_CAEEL/344-568	225	3e-170	  469
Q93569_CAEEL/344-568	225	PPCT_BOVIN/10-213	204	0.79	26.9
Q93569_CAEEL/344-568	225	PPCT_BOVIN/10-213	204	582560	 8.8
Q93569_CAEEL/344-568	225	OASL_HUMAN/439-506	68	  134	19.2
Q93569_CAEEL/344-568	225	OASL_HUMAN/439-506	68	309197	 9.6
Q93569_CAEEL/344-568	225	ATB14_ARATH/173-383	211	  404	18.5
Q93569_CAEEL/344-568	225	ATB14_ARATH/173-383	211	 2717	15.8
Q93569_CAEEL/344-568	225	Q39948_HELAN/267-491	225	 1019	17.3
Q93569_CAEEL/344-568	225	Q39948_HELAN/267-491	225	29151	12.7
Q93569_CAEEL/344-568	225	Q39948_HELAN/267-491	225	145644	10.4
Q93569_CAEEL/344-568	225	Q39948_HELAN/267-491	225	283263	 9.6
Q93569_CAEEL/344-568	225	Q39948_HELAN/267-491	225	341210	 9.2
Q93569_CAEEL/344-568	225	Q9ZQZ4_ARATH/6-74	69	 4033	15.0
Q93569_CAEEL/344-568	225	BETA_ECOLI/3-301	299	 4187	15.4
Q93569_CAEEL/344-568	225	BETA_ECOLI/3-301	299	43203	12.3
Q93569_CAEEL/344-568	225	BETA_ECOLI/3-301	299	46774	12.3
Q93569_CAEEL/344-568	225	BETA_ECOLI/3-301	299	140807	10.8
Q93569_CAEEL/344-568	225	BETA_ECOLI/3-301	299	351775	 9.2
Q93569_CAEEL/344-568	225	Q9SII9_ARATH/23-91	69	 8177	14.2
Q93569_CAEEL/344-568	225	Y1310_MYCBO/5-298	294	 8718	14.2
Q93569_CAEEL/344-568	225	Y1310_MYCBO/5-298	294	53367	11.9
Q93569_CAEEL/344-568	225	Y1310_MYCBO/5-298	294	65375	11.5
Q93569_CAEEL/344-568	225	Y1310_MYCBO/5-298	294	84433	11.2
Q93569_CAEEL/344-568	225	Y1310_MYCBO/5-298	294	292479	 9.6
Q93569_CAEEL/344-568	225	Y1310_MYCBO/5-298	294	348782	 9.2
Q93569_CAEEL/344-568	225	Y1310_MYCBO/5-298	294	462223	 8.8
Q93569_CAEEL/344-568	225	ATHB8_ARATH/159-369	211	11786	13.9
Q93569_CAEEL/344-568	225	ATHB8_ARATH/159-369	211	27284	12.7
Q93569_CAEEL/344-568	225	ATHB8_ARATH/159-369	211	261738	 9.6
Q93569_CAEEL/344-568	225	ATHB8_ARATH/159-369	211	445875	 9.2
Q93569_CAEEL/344-568	225	DHGL_DROPS/65-363	299	14970	13.9
Q93569_CAEEL/344-568	225	DHGL_DROPS/65-363	299	162118	10.4
Q93569_CAEEL/344-568	225	DHGL_DROPS/65-363	299	224559	10.0
Q93569_CAEEL/344-568	225	DHGL_DROPS/65-363	299	256258	 9.6
Q93569_CAEEL/344-568	225	DHGL_DROPS/65-363	299	265441	 9.6
Q93569_CAEEL/344-568	225	DHGL_DROPS/65-363	299	302901	 9.6
Q93569_CAEEL/344-568	225	DHGL_DROPS/65-363	299	466140	 8.8
Q93569_CAEEL/344-568	225	ALKJ_PSEOL/2-296	295	19330	13.5
Q93569_CAEEL/344-568	225	ALKJ_PSEOL/2-296	295	19849	13.5
Q93569_CAEEL/344-568	225	ALKJ_PSEOL/2-296	295	33428	12.7
Q93569_CAEEL/344-568	225	ALKJ_PSEOL/2-296	295	38843	12.3
Q93569_CAEEL/344-568	225	ALKJ_PSEOL/2-296	295	39885	12.3
Q93569_CAEEL/344-568	225	ALKJ_PSEOL/2-296	295	75291	11.5
Q93569_CAEEL/344-568	225	ALKJ_PSEOL/2-296	295	99839	11.2
Q93569_CAEEL/344-568	225	ALKJ_PSEOL/2-296	295	282348	 9.6
Q93569_CAEEL/344-568	225	ALKJ_PSEOL/2-296	295	361261	 9.2
Q93569_CAEEL/344-568	225	ALKJ_PSEOL/2-296	295	408625	 9.2
Q93569_CAEEL/344-568	225	ALKJ_PSEOL/2-296	295	423263	 9.2
Q93569_CAEEL/344-568	225	ALKJ_PSEOL/2-296	295	674641	 8.5
Q93569_CAEEL/344-568	225	BETA_RHIME/3-293	291	21478	13.1
Q93569_CAEEL/344-568	225	BETA_RHIME/3-293	291	58275	11.9
Q93569_CAEEL/344-568	225	BETA_RHIME/3-293	291	70762	11.5
Q93569_CAEEL/344-568	225	BETA_RHIME/3-293	291	102497	11.2
Q93569_CAEEL/344-568	225	BETA_RHIME/3-293	291	462325	 8.8
Q93569_CAEEL/344-568	225	BETA_RHIME/3-293	291	478889	 8.8
Q93569_CAEEL/344-568	225	Q91889_XENLA/33-101	69	359200	 9.2
ATB14_ARATH/173-383	211	ATB14_ARATH/173-383	211	2e-156	  433
ATB14_ARATH/173-383	211	ATHB8_ARATH/159-369	211	3e-115	  328
ATB14_ARATH/173-383	211	HGL2_ARATH/259-486	228	9e-07	44.7
ATB14_ARATH/173-383	211	HGL2_ARATH/259-486	228	16686	13.5
ATB14_ARATH/173-383	211	Q39948_HELAN/267-491	225	3e-04	37.4
ATB14_ARATH/173-383	211	Q39948_HELAN/267-491	225	69428	11.5
ATB14_ARATH/173-383	211	SF3A1_HUMAN/712-788	77	   46	20.4
ATB14_ARATH/173-383	211	SF3A1_HUMAN_2/712-788	89	   58	20.4
ATB14_ARATH/173-383	211	SF3A1_HUMAN_2/712-788	89	 6381	14.6
ATB14_ARATH/173-383	211	PPCT_BOVIN/10-213	204	  271	18.9
ATB14_ARATH/173-383	211	PPCT_BOVIN/10-213	204	101650	11.2
ATB14_ARATH/173-383	211	PPCT_BOVIN/10-213	204	466538	 8.8
ATB14_ARATH/173-383	211	Q93569_CAEEL/344-568	225	  379	18.5
ATB14_ARATH/173-383	211	Q93569_CAEEL/344-568	225	 2548	15.8
ATB14_ARATH/173-383	211	Y1310_MYCBO/5-298	294	  625	17.7
ATB14_ARATH/173-383	211	Y1310_MYCBO/5-298	294	 5257	15.0
ATB14_ARATH/173-383	211	Y1310_MYCBO/5-298	294	21154	13.1
ATB14_ARATH/173-383	211	Y1310_MYCBO/5-298	294	21533	13.1
ATB14_ARATH/173-383	211	Y1310_MYCBO/5-298	294	46098	11.9
ATB14_ARATH/173-383	211	Y1310_MYCBO/5-298	294	228095	10.0
ATB14_ARATH/173-383	211	Y1310_MYCBO/5-298	294	276952	 9.6
ATB14_ARATH/173-383	211	Y1310_MYCBO/5-298	294	318927	 9.2
ATB14_ARATH/173-383	211	Y1310_MYCBO/5-298	294	351413	 9.2
ATB14_ARATH/173-383	211	Q9ZQZ4_ARATH/6-74	69	  677	17.3
ATB14_ARATH/173-383	211	DHGL_DROPS/65-363	299	 2803	15.8
ATB14_ARATH/173-383	211	DHGL_DROPS/65-363	299	11388	13.9
ATB14_ARATH/173-383	211	DHGL_DROPS/65-363	299	16232	13.5
ATB14_ARATH/173-383	211	DHGL_DROPS/65-363	299	187836	10.0
ATB14_ARATH/173-383	211	DHGL_DROPS/65-363	299	218227	10.0
ATB14_ARATH/173-383	211	DHGL_DROPS/65-363	299	645226	 8.5
ATB14_ARATH/173-383	211	BETA_ECOLI/3-301	299	 3407	15.8
ATB14_ARATH/173-383	211	BETA_ECOLI/3-301	299	 6014	15.0
ATB14_ARATH/173-383	211	BETA_ECOLI/3-301	299	43738	12.3
ATB14_ARATH/173-383	211	BETA_ECOLI/3-301	299	98613	11.2
ATB14_ARATH/173-383	211	BETA_ECOLI/3-301	299	111590	10.8
ATB14_ARATH/173-383	211	BETA_ECOLI/3-301	299	146715	10.4
ATB14_ARATH/173-383	211	BETA_ECOLI/3-301	299	236256	10.0
ATB14_ARATH/173-383	211	BETA_ECOLI/3-301	299	274467	 9.6
ATB14_ARATH/173-383	211	BETA_ECOLI/3-301	299	411709	 9.2
ATB14_ARATH/173-383	211	ALKJ_PSEOL/2-296	295	16510	13.5
ATB14_ARATH/173-383	211	ALKJ_PSEOL/2-296	295	20786	13.1
ATB14_ARATH/173-383	211	ALKJ_PSEOL/2-296	295	32939	12.7
ATB14_ARATH/173-383	211	ALKJ_PSEOL/2-296	295	140375	10.4
ATB14_ARATH/173-383	211	ALKJ_PSEOL/2-296	295	170464	10.4
ATB14_ARATH/173-383	211	ALKJ_PSEOL/2-296	295	383779	 9.2
ATB14_ARATH/173-383	211	BETA_RHIME/3-293	291	19180	13.1
ATB14_ARATH/173-383	211	BETA_RHIME/3-293	291	36612	12.3
ATB14_ARATH/173-383	211	BETA_RHIME/3-293	291	38609	12.3
ATB14_ARATH/173-383	211	BETA_RHIME/3-293	291	49903	11.9
ATB14_ARATH/173-383	211	BETA_RHIME/3-293	291	53563	11.9
ATB14_ARATH/173-383	211	BETA_RHIME/3-293	291	55985	11.9
ATB14_ARATH/173-383	211	BETA_RHIME/3-293	291	158840	10.4
ATB14_ARATH/173-383	211	BETA_RHIME/3-293	291	199826	10.0
ATB14_ARATH/173-383	211	BETA_RHIME/3-293	291	313398	 9.6
ATB14_ARATH/173-383	211	BETA_RHIME/3-293	291	383879	 9.2
ATB14_ARATH/173-383	211	BETA_RHIME/3-293	291	474346	 8.8
ATHB8_ARATH/159-369	211	ATHB8_ARATH/159-369	211	4e-157	  434
ATHB8_ARATH/159-369	211	ATB14_ARATH/173-383	211	3e-115	  328
ATHB8_ARATH/159-369	211	HGL2_ARATH/259-486	228	4e-07	45.8
ATHB8_ARATH/159-369	211	HGL2_ARATH/259-486	228	65840	11.5
ATHB8_ARATH/159-369	211	Q39948_HELAN/267-491	225	8e-07	44.7
ATHB8_ARATH/159-369	211	PPCT_BOVIN/10-213	204	  417	18.5
ATHB8_ARATH/159-369	211	PPCT_BOVIN/10-213	204	 8753	14.2
ATHB8_ARATH/159-369	211	PPCT_BOVIN/10-213	204	59486	11.5
ATHB8_ARATH/159-369	211	PPCT_BOVIN/10-213	204	298946	 9.6
ATHB8_ARATH/159-369	211	PPCT_BOVIN/10-213	204	335634	 9.2
ATHB8_ARATH/159-369	211	Q9ZQZ4_ARATH/6-74	69	  760	16.9
ATHB8_ARATH/159-369	211	Y1310_MYCBO/5-298	294	 1084	17.3
ATHB8_ARATH/159-369	211	Y1310_MYCBO/5-298	294	50808	11.9
ATHB8_ARATH/159-369	211	Y1310_MYCBO/5-298	294	58015	11.9
ATHB8_ARATH/159-369	211	Y1310_MYCBO/5-298	294	106753	10.8
ATHB8_ARATH/159-369	211	Y1310_MYCBO/5-298	294	131959	10.8
ATHB8_ARATH/159-369	211	Y1310_MYCBO/5-298	294	149322	10.4
ATHB8_ARATH/159-369	211	Y1310_MYCBO/5-298	294	149322	10.4
ATHB8_ARATH/159-369	211	Y1310_MYCBO/5-298	294	191191	10.0
ATHB8_ARATH/159-369	211	Y1310_MYCBO/5-298	294	260368	 9.6
ATHB8_ARATH/159-369	211	Y1310_MYCBO/5-298	294	357665	 9.2
ATHB8_ARATH/159-369	211	BETA_ECOLI/3-301	299	 1848	16.5
ATHB8_ARATH/159-369	211	BETA_ECOLI/3-301	299	19550	13.1
ATHB8_ARATH/159-369	211	BETA_ECOLI/3-301	299	63964	11.5
ATHB8_ARATH/159-369	211	BETA_ECOLI/3-301	299	99488	11.2
ATHB8_ARATH/159-369	211	BETA_ECOLI/3-301	299	181323	10.0
ATHB8_ARATH/159-369	211	BETA_ECOLI/3-301	299	279350	 9.6
ATHB8_ARATH/159-369	211	DHGL_DROPS/65-363	299	 2348	16.2
ATHB8_ARATH/159-369	211	DHGL_DROPS/65-363	299	49941	11.9
ATHB8_ARATH/159-369	211	DHGL_DROPS/65-363	299	55530	11.9
ATHB8_ARATH/159-369	211	DHGL_DROPS/65-363	299	65683	11.5
ATHB8_ARATH/159-369	211	DHGL_DROPS/65-363	299	79074	11.2
ATHB8_ARATH/159-369	211	DHGL_DROPS/65-363	299	108673	10.8
ATHB8_ARATH/159-369	211	DHGL_DROPS/65-363	299	112580	10.8
ATHB8_ARATH/159-369	211	DHGL_DROPS/65-363	299	158844	10.4
ATHB8_ARATH/159-369	211	Q93569_CAEEL/344-568	225	11052	13.9
ATHB8_ARATH/159-369	211	Q93569_CAEEL/344-568	225	25586	12.7
ATHB8_ARATH/159-369	211	Q93569_CAEEL/344-568	225	245452	 9.6
ATHB8_ARATH/159-369	211	Q93569_CAEEL/344-568	225	418132	 9.2
ATHB8_ARATH/159-369	211	BETA_RHIME/3-293	291	11884	13.9
ATHB8_ARATH/159-369	211	BETA_RHIME/3-293	291	25922	12.7
ATHB8_ARATH/159-369	211	BETA_RHIME/3-293	291	46084	11.9
ATHB8_ARATH/159-369	211	BETA_RHIME/3-293	291	55003	11.9
ATHB8_ARATH/159-369	211	BETA_RHIME/3-293	291	72993	11.5
ATHB8_ARATH/159-369	211	BETA_RHIME/3-293	291	115577	10.8
ATHB8_ARATH/159-369	211	BETA_RHIME/3-293	291	580952	 8.5
ATHB8_ARATH/159-369	211	SF3A1_HUMAN_2/712-788	89	29234	12.7
ATHB8_ARATH/159-369	211	ALKJ_PSEOL/2-296	295	52642	11.9
ATHB8_ARATH/159-369	211	ALKJ_PSEOL/2-296	295	408207	 9.2
ATHB8_ARATH/159-369	211	SF3A1_HUMAN/712-788	77	86762	11.2
ATHB8_ARATH/159-369	211	Q9SII9_ARATH/23-91	69	399924	 9.2
ATHB8_ARATH/159-369	211	OASL_HUMAN/439-506	68	487876	 8.8
HGL2_ARATH/259-486	228	HGL2_ARATH/259-486	228	2e-172	  474
HGL2_ARATH/259-486	228	Q39948_HELAN/267-491	225	3e-95	  278
HGL2_ARATH/259-486	228	ATHB8_ARATH/159-369	211	4e-07	45.8
HGL2_ARATH/259-486	228	ATHB8_ARATH/159-369	211	71144	11.5
HGL2_ARATH/259-486	228	ATB14_ARATH/173-383	211	9e-07	44.7
HGL2_ARATH/259-486	228	ATB14_ARATH/173-383	211	18030	13.5
HGL2_ARATH/259-486	228	Q9ZQZ4_ARATH/6-74	69	 2597	15.4
HGL2_ARATH/259-486	228	PPCT_BOVIN/10-213	204	 3431	15.8
HGL2_ARATH/259-486	228	PPCT_BOVIN/10-213	204	27364	12.7
HGL2_ARATH/259-486	228	PPCT_BOVIN/10-213	204	73650	11.5
HGL2_ARATH/259-486	228	PPCT_BOVIN/10-213	204	392210	 9.2
HGL2_ARATH/259-486	228	PPCT_BOVIN/10-213	204	402802	 9.2
HGL2_ARATH/259-486	228	BETA_RHIME/3-293	291	 5728	15.0
HGL2_ARATH/259-486	228	BETA_RHIME/3-293	291	17465	13.5
HGL2_ARATH/259-486	228	BETA_RHIME/3-293	291	61202	11.9
HGL2_ARATH/259-486	228	BETA_RHIME/3-293	291	215858	10.0
HGL2_ARATH/259-486	228	BETA_ECOLI/3-301	299	10759	14.2
HGL2_ARATH/259-486	228	BETA_ECOLI/3-301	299	27442	12.7
HGL2_ARATH/259-486	228	BETA_ECOLI/3-301	299	77701	11.5
HGL2_ARATH/259-486	228	BETA_ECOLI/3-301	299	77701	11.5
HGL2_ARATH/259-486	228	BETA_ECOLI/3-301	299	87133	11.2
HGL2_ARATH/259-486	228	BETA_ECOLI/3-301	299	185839	10.4
HGL2_ARATH/259-486	228	ALKJ_PSEOL/2-296	295	15445	13.5
HGL2_ARATH/259-486	228	ALKJ_PSEOL/2-296	295	116518	10.8
HGL2_ARATH/259-486	228	ALKJ_PSEOL/2-296	295	128376	10.8
HGL2_ARATH/259-486	228	DHGL_DROPS/65-363	299	24038	13.1
HGL2_ARATH/259-486	228	DHGL_DROPS/65-363	299	194200	10.4
HGL2_ARATH/259-486	228	DHGL_DROPS/65-363	299	320681	 9.6
HGL2_ARATH/259-486	228	SF3A1_HUMAN_2/712-788	89	26019	12.7
HGL2_ARATH/259-486	228	SF3A1_HUMAN/712-788	77	26615	12.7
HGL2_ARATH/259-486	228	Y1310_MYCBO/5-298	294	81177	11.5
HGL2_ARATH/259-486	228	DSK2_YEAST/8-75	68	114801	10.8
Q39948_HELAN/267-491	225	Q39948_HELAN/267-491	225	7e-171	  471
Q39948_HELAN/267-491	225	HGL2_ARATH/259-486	228	3e-95	  278
Q39948_HELAN/267-491	225	ATHB8_ARATH/159-369	211	9e-07	44.7
Q39948_HELAN/267-491	225	ATB14_ARATH/173-383	211	3e-04	37.4
Q39948_HELAN/267-491	225	ATB14_ARATH/173-383	211	74034	11.5
Q39948_HELAN/267-491	225	Q93569_CAEEL/344-568	225	 1019	17.3
Q39948_HELAN/267-491	225	Q93569_CAEEL/344-568	225	29151	12.7
Q39948_HELAN/267-491	225	Q93569_CAEEL/344-568	225	145644	10.4
Q39948_HELAN/267-491	225	Q93569_CAEEL/344-568	225	283263	 9.6
Q39948_HELAN/267-491	225	Q93569_CAEEL/344-568	225	341210	 9.2
Q39948_HELAN/267-491	225	BETA_RHIME/3-293	291	 1951	16.5
Q39948_HELAN/267-491	225	BETA_RHIME/3-293	291	 2930	15.8
Q39948_HELAN/267-491	225	BETA_RHIME/3-293	291	 6167	15.0
Q39948_HELAN/267-491	225	BETA_RHIME/3-293	291	 6739	14.6
Q39948_HELAN/267-491	225	BETA_RHIME/3-293	291	40576	12.3
Q39948_HELAN/267-491	225	BETA_RHIME/3-293	291	62538	11.5
Q39948_HELAN/267-491	225	BETA_RHIME/3-293	291	300343	 9.6
Q39948_HELAN/267-491	225	PPCT_BOVIN/10-213	204	 6220	15.0
Q39948_HELAN/267-491	225	PPCT_BOVIN/10-213	204	 8436	14.2
Q39948_HELAN/267-491	225	PPCT_BOVIN/10-213	204	34649	12.7
Q39948_HELAN/267-491	225	PPCT_BOVIN/10-213	204	49958	11.9
Q39948_HELAN/267-491	225	PPCT_BOVIN/10-213	204	68260	11.5
Q39948_HELAN/267-491	225	PPCT_BOVIN/10-213	204	100137	11.2
Q39948_HELAN/267-491	225	PPCT_BOVIN/10-213	204	101937	11.2
Q39948_HELAN/267-491	225	PPCT_BOVIN/10-213	204	118602	10.8
Q39948_HELAN/267-491	225	PPCT_BOVIN/10-213	204	229146	10.0
Q39948_HELAN/267-491	225	BETA_ECOLI/3-301	299	 9369	14.2
Q39948_HELAN/267-491	225	BETA_ECOLI/3-301	299	14450	13.9
Q39948_HELAN/267-491	225	BETA_ECOLI/3-301	299	32861	12.7
Q39948_HELAN/267-491	225	BETA_ECOLI/3-301	299	80815	11.5
Q39948_HELAN/267-491	225	Y1310_MYCBO/5-298	294	10224	14.2
Q39948_HELAN/267-491	225	Y1310_MYCBO/5-298	294	23893	13.1
Q39948_HELAN/267-491	225	Y1310_MYCBO/5-298	294	42799	12.3
Q39948_HELAN/267-491	225	Y1310_MYCBO/5-298	294	77305	11.5
Q39948_HELAN/267-491	225	ALKJ_PSEOL/2-296	295	23067	13.1
Q39948_HELAN/267-491	225	ALKJ_PSEOL/2-296	295	70783	11.5
Q39948_HELAN/267-491	225	ALKJ_PSEOL/2-296	295	115980	10.8
Q39948_HELAN/267-491	225	ALKJ_PSEOL/2-296	295	495890	 8.8
Q39948_HELAN/267-491	225	DHGL_DROPS/65-363	299	45955	12.3
Q39948_HELAN/267-491	225	DHGL_DROPS/65-363	299	200273	10.0
Y1310_MYCBO/5-298	294	Y1310_MYCBO/5-298	294	0.0	  600
Y1310_MYCBO/5-298	294	BETA_RHIME/3-293	291	5e-74	  229
Y1310_MYCBO/5-298	294	ALKJ_PSEOL/2-296	295	2e-68	  215
Y1310_MYCBO/5-298	294	DHGL_DROPS/65-363	299	3e-67	  212
Y1310_MYCBO/5-298	294	BETA_ECOLI/3-301	299	7e-57	  185
Y1310_MYCBO/5-298	294	ATB14_ARATH/173-383	211	  871	17.7
Y1310_MYCBO/5-298	294	ATB14_ARATH/173-383	211	 7325	15.0
Y1310_MYCBO/5-298	294	ATB14_ARATH/173-383	211	29476	13.1
Y1310_MYCBO/5-298	294	ATB14_ARATH/173-383	211	30003	13.1
Y1310_MYCBO/5-298	294	ATB14_ARATH/173-383	211	64231	11.9
Y1310_MYCBO/5-298	294	ATB14_ARATH/173-383	211	317819	10.0
Y1310_MYCBO/5-298	294	ATB14_ARATH/173-383	211	385896	 9.6
Y1310_MYCBO/5-298	294	ATB14_ARATH/173-383	211	444381	 9.2
Y1310_MYCBO/5-298	294	ATB14_ARATH/173-383	211	489646	 9.2
Y1310_MYCBO/5-298	294	ATHB8_ARATH/159-369	211	 1510	17.3
Y1310_MYCBO/5-298	294	ATHB8_ARATH/159-369	211	70794	11.9
Y1310_MYCBO/5-298	294	ATHB8_ARATH/159-369	211	80836	11.9
Y1310_MYCBO/5-298	294	ATHB8_ARATH/159-369	211	148746	10.8
Y1310_MYCBO/5-298	294	ATHB8_ARATH/159-369	211	183867	10.8
Y1310_MYCBO/5-298	294	ATHB8_ARATH/159-369	211	208061	10.4
Y1310_MYCBO/5-298	294	ATHB8_ARATH/159-369	211	208061	10.4
Y1310_MYCBO/5-298	294	ATHB8_ARATH/159-369	211	266399	10.0
Y1310_MYCBO/5-298	294	ATHB8_ARATH/159-369	211	362788	 9.6
Y1310_MYCBO/5-298	294	ATHB8_ARATH/159-369	211	498358	 9.2
Y1310_MYCBO/5-298	294	PPCT_BOVIN/10-213	204	 3080	16.2
Y1310_MYCBO/5-298	294	PPCT_BOVIN/10-213	204	97227	11.5
Y1310_MYCBO/5-298	294	PPCT_BOVIN/10-213	204	160980	10.8
Y1310_MYCBO/5-298	294	PPCT_BOVIN/10-213	204	535225	 9.2
Y1310_MYCBO/5-298	294	Q93569_CAEEL/344-568	225	11392	14.2
Y1310_MYCBO/5-298	294	Q93569_CAEEL/344-568	225	69733	11.9
Y1310_MYCBO/5-298	294	Q93569_CAEEL/344-568	225	85424	11.5
Y1310_MYCBO/5-298	294	Q93569_CAEEL/344-568	225	110326	11.2
Y1310_MYCBO/5-298	294	Q93569_CAEEL/344-568	225	382172	 9.6
Y1310_MYCBO/5-298	294	Q93569_CAEEL/344-568	225	455742	 9.2
Y1310_MYCBO/5-298	294	Q93569_CAEEL/344-568	225	603972	 8.8
Y1310_MYCBO/5-298	294	Q39948_HELAN/267-491	225	13359	14.2
Y1310_MYCBO/5-298	294	Q39948_HELAN/267-491	225	31220	13.1
Y1310_MYCBO/5-298	294	Q39948_HELAN/267-491	225	55924	12.3
Y1310_MYCBO/5-298	294	Q39948_HELAN/267-491	225	101012	11.5
Y1310_MYCBO/5-298	294	HGL2_ARATH/259-486	228	104675	11.5
Y1310_MYCBO/5-298	294	DSK2_YEAST/8-75	68	137126	11.2
Y1310_MYCBO/5-298	294	Q91889_XENLA/33-101	69	224090	10.4
Y1310_MYCBO/5-298	294	Q9SII9_ARATH/23-91	69	436269	 9.6
ALKJ_PSEOL/2-296	295	ALKJ_PSEOL/2-296	295	0.0	  612
ALKJ_PSEOL/2-296	295	BETA_RHIME/3-293	291	2e-75	  233
ALKJ_PSEOL/2-296	295	BETA_ECOLI/3-301	299	1e-70	  220
ALKJ_PSEOL/2-296	295	Y1310_MYCBO/5-298	294	2e-68	  215
ALKJ_PSEOL/2-296	295	DHGL_DROPS/65-363	299	3e-56	  184
ALKJ_PSEOL/2-296	295	Q9ZQZ4_ARATH/6-74	69	  152	19.6
ALKJ_PSEOL/2-296	295	Q9ZQZ4_ARATH/6-74	69	 1489	16.5
ALKJ_PSEOL/2-296	295	PPCT_BOVIN/10-213	204	 1272	17.3
ALKJ_PSEOL/2-296	295	PPCT_BOVIN/10-213	204	27732	13.1
ALKJ_PSEOL/2-296	295	SF3A1_HUMAN/712-788	77	14905	13.9
ALKJ_PSEOL/2-296	295	SF3A1_HUMAN/712-788	77	443573	 9.6
ALKJ_PSEOL/2-296	295	SF3A1_HUMAN_2/712-788	89	16388	13.9
ALKJ_PSEOL/2-296	295	SF3A1_HUMAN_2/712-788	89	65824	11.9
ALKJ_PSEOL/2-296	295	SF3A1_HUMAN_2/712-788	89	130656	11.2
ALKJ_PSEOL/2-296	295	SF3A1_HUMAN_2/712-788	89	618893	 8.8
ALKJ_PSEOL/2-296	295	HGL2_ARATH/259-486	228	19983	13.5
ALKJ_PSEOL/2-296	295	HGL2_ARATH/259-486	228	150758	10.8
ALKJ_PSEOL/2-296	295	HGL2_ARATH/259-486	228	166100	10.8
ALKJ_PSEOL/2-296	295	ATB14_ARATH/173-383	211	23083	13.5
ALKJ_PSEOL/2-296	295	ATB14_ARATH/173-383	211	29062	13.1
ALKJ_PSEOL/2-296	295	ATB14_ARATH/173-383	211	46053	12.7
ALKJ_PSEOL/2-296	295	ATB14_ARATH/173-383	211	196258	10.4
ALKJ_PSEOL/2-296	295	ATB14_ARATH/173-383	211	238327	10.4
ALKJ_PSEOL/2-296	295	ATB14_ARATH/173-383	211	536564	 9.2
ALKJ_PSEOL/2-296	295	Q93569_CAEEL/344-568	225	25343	13.5
ALKJ_PSEOL/2-296	295	Q93569_CAEEL/344-568	225	26024	13.5
ALKJ_PSEOL/2-296	295	Q93569_CAEEL/344-568	225	43828	12.7
ALKJ_PSEOL/2-296	295	Q93569_CAEEL/344-568	225	50927	12.3
ALKJ_PSEOL/2-296	295	Q93569_CAEEL/344-568	225	52294	12.3
ALKJ_PSEOL/2-296	295	Q93569_CAEEL/344-568	225	98715	11.5
ALKJ_PSEOL/2-296	295	Q93569_CAEEL/344-568	225	130899	11.2
ALKJ_PSEOL/2-296	295	Q93569_CAEEL/344-568	225	370190	 9.6
ALKJ_PSEOL/2-296	295	Q93569_CAEEL/344-568	225	473653	 9.2
ALKJ_PSEOL/2-296	295	Q93569_CAEEL/344-568	225	535753	 9.2
ALKJ_PSEOL/2-296	295	Q93569_CAEEL/344-568	225	554945	 9.2
ALKJ_PSEOL/2-296	295	Q93569_CAEEL/344-568	225	884529	 8.5
ALKJ_PSEOL/2-296	295	Q39948_HELAN/267-491	225	30243	13.1
ALKJ_PSEOL/2-296	295	Q39948_HELAN/267-491	225	92805	11.5
ALKJ_PSEOL/2-296	295	Q39948_HELAN/267-491	225	152063	10.8
ALKJ_PSEOL/2-296	295	Q39948_HELAN/267-491	225	650167	 8.8
ALKJ_PSEOL/2-296	295	ATHB8_ARATH/159-369	211	73600	11.9
ALKJ_PSEOL/2-296	295	ATHB8_ARATH/159-369	211	570717	 9.2
ALKJ_PSEOL/2-296	295	Q9SII9_ARATH/23-91	69	229115	10.4
BETA_RHIME/3-293	291	BETA_RHIME/3-293	291	0.0	  595
BETA_RHIME/3-293	291	BETA_ECOLI/3-301	299	2e-84	  256
BETA_RHIME/3-293	291	ALKJ_PSEOL/2-296	295	2e-75	  233
BETA_RHIME/3-293	291	Y1310_MYCBO/5-298	294	5e-74	  229
BETA_RHIME/3-293	291	DHGL_DROPS/65-363	299	1e-56	  184
BETA_RHIME/3-293	291	PPCT_BOVIN/10-213	204	 1126	17.7
BETA_RHIME/3-293	291	PPCT_BOVIN/10-213	204	15628	13.9
BETA_RHIME/3-293	291	Q9ZQZ4_ARATH/6-74	69	 1992	16.2
BETA_RHIME/3-293	291	Q9ZQZ4_ARATH/6-74	69	 2507	15.8
BETA_RHIME/3-293	291	Q9ZQZ4_ARATH/6-74	69	80657	11.5
BETA_RHIME/3-293	291	Q9ZQZ4_ARATH/6-74	69	111355	11.2
BETA_RHIME/3-293	291	Q9ZQZ4_ARATH/6-74	69	386017	 9.6
BETA_RHIME/3-293	291	Q39948_HELAN/267-491	225	 2523	16.5
BETA_RHIME/3-293	291	Q39948_HELAN/267-491	225	 3790	15.8
BETA_RHIME/3-293	291	Q39948_HELAN/267-491	225	 7976	15.0
BETA_RHIME/3-293	291	Q39948_HELAN/267-491	225	 8715	14.6
BETA_RHIME/3-293	291	Q39948_HELAN/267-491	225	52479	12.3
BETA_RHIME/3-293	291	Q39948_HELAN/267-491	225	80883	11.5
BETA_RHIME/3-293	291	Q39948_HELAN/267-491	225	388444	 9.6
BETA_RHIME/3-293	291	SF3A1_HUMAN_2/712-788	89	 5411	15.0
BETA_RHIME/3-293	291	SF3A1_HUMAN_2/712-788	89	33207	12.7
BETA_RHIME/3-293	291	SF3A1_HUMAN_2/712-788	89	37140	12.7
BETA_RHIME/3-293	291	SF3A1_HUMAN_2/712-788	89	126515	11.2
BETA_RHIME/3-293	291	SF3A1_HUMAN_2/712-788	89	633541	 8.8
BETA_RHIME/3-293	291	DSK2_YEAST/8-75	68	 5657	15.0
BETA_RHIME/3-293	291	DSK2_YEAST/8-75	68	22959	13.1
BETA_RHIME/3-293	291	DSK2_YEAST/8-75	68	183675	10.8
BETA_RHIME/3-293	291	HGL2_ARATH/259-486	228	 7311	15.0
BETA_RHIME/3-293	291	HGL2_ARATH/259-486	228	22291	13.5
BETA_RHIME/3-293	291	HGL2_ARATH/259-486	228	78113	11.9
BETA_RHIME/3-293	291	HGL2_ARATH/259-486	228	275503	10.0
BETA_RHIME/3-293	291	ATHB8_ARATH/159-369	211	16390	13.9
BETA_RHIME/3-293	291	ATHB8_ARATH/159-369	211	35750	12.7
BETA_RHIME/3-293	291	ATHB8_ARATH/159-369	211	63556	11.9
BETA_RHIME/3-293	291	ATHB8_ARATH/159-369	211	75857	11.9
BETA_RHIME/3-293	291	ATHB8_ARATH/159-369	211	100668	11.5
BETA_RHIME/3-293	291	ATHB8_ARATH/159-369	211	159397	10.8
BETA_RHIME/3-293	291	ATHB8_ARATH/159-369	211	801218	 8.5
BETA_RHIME/3-293	291	ATB14_ARATH/173-383	211	26453	13.1
BETA_RHIME/3-293	291	ATB14_ARATH/173-383	211	50493	12.3
BETA_RHIME/3-293	291	ATB14_ARATH/173-383	211	53247	12.3
BETA_RHIME/3-293	291	ATB14_ARATH/173-383	211	68824	11.9
BETA_RHIME/3-293	291	ATB14_ARATH/173-383	211	73871	11.9
BETA_RHIME/3-293	291	ATB14_ARATH/173-383	211	77211	11.9
BETA_RHIME/3-293	291	ATB14_ARATH/173-383	211	219064	10.4
BETA_RHIME/3-293	291	ATB14_ARATH/173-383	211	275589	10.0
BETA_RHIME/3-293	291	ATB14_ARATH/173-383	211	432221	 9.6
BETA_RHIME/3-293	291	ATB14_ARATH/173-383	211	529426	 9.2
BETA_RHIME/3-293	291	ATB14_ARATH/173-383	211	654193	 8.8
BETA_RHIME/3-293	291	Q93569_CAEEL/344-568	225	27778	13.1
BETA_RHIME/3-293	291	Q93569_CAEEL/344-568	225	75369	11.9
BETA_RHIME/3-293	291	Q93569_CAEEL/344-568	225	91519	11.5
BETA_RHIME/3-293	291	Q93569_CAEEL/344-568	225	132562	11.2
BETA_RHIME/3-293	291	Q93569_CAEEL/344-568	225	597941	 8.8
BETA_RHIME/3-293	291	Q93569_CAEEL/344-568	225	619363	 8.8
BETA_RHIME/3-293	291	SF3A1_HUMAN/712-788	77	30858	12.7
BETA_RHIME/3-293	291	SF3A1_HUMAN/712-788	77	126738	11.2
BETA_RHIME/3-293	291	Q91889_XENLA/33-101	69	80657	11.5
BETA_RHIME/3-293	291	OASL_HUMAN/439-506	68	203764	10.4
BETA_RHIME/3-293	291	OASL_HUMAN/439-506	68	209611	10.4
BETA_RHIME/3-293	291	Q9SII9_ARATH/23-91	69	382418	 9.6
BETA_ECOLI/3-301	299	BETA_ECOLI/3-301	299	0.0	  619
BETA_ECOLI/3-301	299	BETA_RHIME/3-293	291	2e-84	  256
BETA_ECOLI/3-301	299	ALKJ_PSEOL/2-296	295	2e-70	  220
BETA_ECOLI/3-301	299	Y1310_MYCBO/5-298	294	7e-57	  185
BETA_ECOLI/3-301	299	DHGL_DROPS/65-363	299	9e-54	  177
BETA_ECOLI/3-301	299	PPCT_BOVIN/10-213	204	 1081	17.7
BETA_ECOLI/3-301	299	PPCT_BOVIN/10-213	204	109990	11.2
BETA_ECOLI/3-301	299	PPCT_BOVIN/10-213	204	392573	 9.6
BETA_ECOLI/3-301	299	PPCT_BOVIN/10-213	204	480923	 9.2
BETA_ECOLI/3-301	299	PPCT_BOVIN/10-213	204	589119	 9.2
BETA_ECOLI/3-301	299	PPCT_BOVIN/10-213	204	1460611	 7.7
BETA_ECOLI/3-301	299	Q9ZQZ4_ARATH/6-74	69	 2323	16.2
BETA_ECOLI/3-301	299	ATHB8_ARATH/159-369	211	 2619	16.5
BETA_ECOLI/3-301	299	ATHB8_ARATH/159-369	211	27704	13.1
BETA_ECOLI/3-301	299	ATHB8_ARATH/159-369	211	90642	11.5
BETA_ECOLI/3-301	299	ATHB8_ARATH/159-369	211	140981	11.2
BETA_ECOLI/3-301	299	ATHB8_ARATH/159-369	211	256946	10.0
BETA_ECOLI/3-301	299	ATHB8_ARATH/159-369	211	395856	 9.6
BETA_ECOLI/3-301	299	OASL_HUMAN/439-506	68	 4599	15.4
BETA_ECOLI/3-301	299	OASL_HUMAN/439-506	68	13737	13.9
BETA_ECOLI/3-301	299	OASL_HUMAN/439-506	68	102978	11.5
BETA_ECOLI/3-301	299	ATB14_ARATH/173-383	211	 4828	15.8
BETA_ECOLI/3-301	299	ATB14_ARATH/173-383	211	 8522	15.0
BETA_ECOLI/3-301	299	ATB14_ARATH/173-383	211	61979	12.3
BETA_ECOLI/3-301	299	ATB14_ARATH/173-383	211	139741	11.2
BETA_ECOLI/3-301	299	ATB14_ARATH/173-383	211	158130	10.8
BETA_ECOLI/3-301	299	ATB14_ARATH/173-383	211	207904	10.4
BETA_ECOLI/3-301	299	ATB14_ARATH/173-383	211	334789	10.0
BETA_ECOLI/3-301	299	ATB14_ARATH/173-383	211	388937	 9.6
BETA_ECOLI/3-301	299	ATB14_ARATH/173-383	211	583417	 9.2
BETA_ECOLI/3-301	299	Q93569_CAEEL/344-568	225	 5563	15.4
BETA_ECOLI/3-301	299	Q93569_CAEEL/344-568	225	57411	12.3
BETA_ECOLI/3-301	299	Q93569_CAEEL/344-568	225	62157	12.3
BETA_ECOLI/3-301	299	Q93569_CAEEL/344-568	225	187116	10.8
BETA_ECOLI/3-301	299	Q93569_CAEEL/344-568	225	467470	 9.2
BETA_ECOLI/3-301	299	SF3A1_HUMAN_2/712-788	89	 8444	14.6
BETA_ECOLI/3-301	299	Q39948_HELAN/267-491	225	12450	14.2
BETA_ECOLI/3-301	299	Q39948_HELAN/267-491	225	19203	13.9
BETA_ECOLI/3-301	299	Q39948_HELAN/267-491	225	43668	12.7
BETA_ECOLI/3-301	299	Q39948_HELAN/267-491	225	107395	11.5
BETA_ECOLI/3-301	299	HGL2_ARATH/259-486	228	14109	14.2
BETA_ECOLI/3-301	299	HGL2_ARATH/259-486	228	35987	12.7
BETA_ECOLI/3-301	299	HGL2_ARATH/259-486	228	101898	11.5
BETA_ECOLI/3-301	299	HGL2_ARATH/259-486	228	101898	11.5
BETA_ECOLI/3-301	299	HGL2_ARATH/259-486	228	114267	11.2
BETA_ECOLI/3-301	299	HGL2_ARATH/259-486	228	243709	10.4
BETA_ECOLI/3-301	299	Q91889_XENLA/33-101	69	126975	11.2
BETA_ECOLI/3-301	299	Q91889_XENLA/33-101	69	277579	10.0
BETA_ECOLI/3-301	299	Q9SII9_ARATH/23-91	69	159288	10.8
DHGL_DROPS/65-363	299	DHGL_DROPS/65-363	299	0.0	  617
DHGL_DROPS/65-363	299	Y1310_MYCBO/5-298	294	3e-67	  212
DHGL_DROPS/65-363	299	BETA_RHIME/3-293	291	1e-56	  184
DHGL_DROPS/65-363	299	ALKJ_PSEOL/2-296	295	3e-56	  184
DHGL_DROPS/65-363	299	BETA_ECOLI/3-301	299	9e-54	  177
DHGL_DROPS/65-363	299	PPCT_BOVIN/10-213	204	  771	18.1
DHGL_DROPS/65-363	299	PPCT_BOVIN/10-213	204	16815	13.9
DHGL_DROPS/65-363	299	PPCT_BOVIN/10-213	204	37351	12.7
DHGL_DROPS/65-363	299	PPCT_BOVIN/10-213	204	53233	12.3
DHGL_DROPS/65-363	299	PPCT_BOVIN/10-213	204	70045	11.9
DHGL_DROPS/65-363	299	PPCT_BOVIN/10-213	204	88167	11.5
DHGL_DROPS/65-363	299	PPCT_BOVIN/10-213	204	182059	10.8
DHGL_DROPS/65-363	299	PPCT_BOVIN/10-213	204	183675	10.8
DHGL_DROPS/65-363	299	PPCT_BOVIN/10-213	204	285682	10.0
DHGL_DROPS/65-363	299	PPCT_BOVIN/10-213	204	353115	 9.6
DHGL_DROPS/65-363	299	ATHB8_ARATH/159-369	211	 3328	16.2
DHGL_DROPS/65-363	299	ATHB8_ARATH/159-369	211	70769	11.9
DHGL_DROPS/65-363	299	ATHB8_ARATH/159-369	211	78689	11.9
DHGL_DROPS/65-363	299	ATHB8_ARATH/159-369	211	93077	11.5
DHGL_DROPS/65-363	299	ATHB8_ARATH/159-369	211	112053	11.2
DHGL_DROPS/65-363	299	ATHB8_ARATH/159-369	211	153996	10.8
DHGL_DROPS/65-363	299	ATHB8_ARATH/159-369	211	159533	10.8
DHGL_DROPS/65-363	299	ATHB8_ARATH/159-369	211	225091	10.4
DHGL_DROPS/65-363	299	ATB14_ARATH/173-383	211	 3973	15.8
DHGL_DROPS/65-363	299	ATB14_ARATH/173-383	211	16138	13.9
DHGL_DROPS/65-363	299	ATB14_ARATH/173-383	211	23002	13.5
DHGL_DROPS/65-363	299	ATB14_ARATH/173-383	211	266175	10.0
DHGL_DROPS/65-363	299	ATB14_ARATH/173-383	211	309241	10.0
DHGL_DROPS/65-363	299	ATB14_ARATH/173-383	211	914325	 8.5
DHGL_DROPS/65-363	299	Q93569_CAEEL/344-568	225	19894	13.9
DHGL_DROPS/65-363	299	Q93569_CAEEL/344-568	225	215437	10.4
DHGL_DROPS/65-363	299	Q93569_CAEEL/344-568	225	298414	10.0
DHGL_DROPS/65-363	299	Q93569_CAEEL/344-568	225	340538	 9.6
DHGL_DROPS/65-363	299	Q93569_CAEEL/344-568	225	352741	 9.6
DHGL_DROPS/65-363	299	Q93569_CAEEL/344-568	225	402522	 9.6
DHGL_DROPS/65-363	299	Q93569_CAEEL/344-568	225	619449	 8.8
DHGL_DROPS/65-363	299	HGL2_ARATH/259-486	228	31524	13.1
DHGL_DROPS/65-363	299	HGL2_ARATH/259-486	228	254675	10.4
DHGL_DROPS/65-363	299	HGL2_ARATH/259-486	228	420542	 9.6
DHGL_DROPS/65-363	299	Q9ZQZ4_ARATH/6-74	69	32539	12.7
DHGL_DROPS/65-363	299	Q9ZQZ4_ARATH/6-74	69	38296	12.7
DHGL_DROPS/65-363	299	Q39948_HELAN/267-491	225	61070	12.3
DHGL_DROPS/65-363	299	Q39948_HELAN/267-491	225	266141	10.0
DHGL_DROPS/65-363	299	SF3A1_HUMAN_2/712-788	89	252597	10.4
DHGL_DROPS/65-363	299	SF3A1_HUMAN/712-788	77	315838	10.0
DHGL_DROPS/65-363	299	Q91889_XENLA/33-101	69	392705	 9.6
DHGL_DROPS/65-363	299	DSK2_YEAST/8-75	68	560820	 9.2
DHGL_DROPS/65-363	299	DSK2_YEAST/8-75	68	615756	 9.2
