gi|5524211|gb|AAD44166.1|,gi|5524211|gb|AAD44166.1|,100.00,284,0,0,1,284,1,284,0.0,  564
gi|5524211|gb|AAD44166.1|,crab_rat,37.50,16,10,0,72,87,60,75,8.5,15.4
gi|5524211|gb|AAD44166.1|,crab_mesau,37.50,16,10,0,72,87,60,75,8.5,15.4
crab_anapl,crab_anapl,100.00,174,0,0,1,174,1,174,3e-128,  351
crab_anapl,crab_chick,95.98,174,7,0,1,174,1,174,1e-124,  342
crab_anapl,crab_bovin,76.57,175,40,1,1,174,1,175,2e-98,  275
crab_anapl,crab_rabit,76.57,175,40,1,1,174,1,175,5e-98,  275
crab_anapl,crab_human,76.57,175,40,1,1,174,1,175,9e-98,  274
crab_anapl,crab_mesau,75.43,175,42,1,1,174,1,175,6e-97,  272
crab_anapl,crab_rat,74.86,175,43,1,1,174,1,175,1e-96,  271
crab_anapl,crab_mouse,75.43,175,42,1,1,174,1,175,2e-96,  270
crab_anapl,crab_squac,64.04,178,59,4,1,174,1,177,2e-82,  235
crab_bovin,crab_bovin,100.00,175,0,0,1,175,1,175,9e-129,  353
crab_bovin,crab_rabit,98.29,175,3,0,1,175,1,175,1e-126,  347
crab_bovin,crab_rat,97.14,175,5,0,1,175,1,175,3e-126,  346
crab_bovin,crab_mesau,96.57,175,6,0,1,175,1,175,4e-126,  346
crab_bovin,crab_human,97.71,175,4,0,1,175,1,175,4e-126,  346
crab_bovin,crab_mouse,97.14,175,5,0,1,175,1,175,1e-125,  345
crab_bovin,crab_anapl,76.57,175,40,1,1,175,1,174,2e-98,  275
crab_bovin,crab_chick,75.43,175,42,1,1,175,1,174,4e-97,  272
crab_bovin,crab_squac,65.17,178,58,4,1,175,1,177,4e-82,  234
crab_bovin,gi|5524211|gb|AAD44166.1|,37.50,16,10,0,60,75,72,87,5.4,15.4
crab_chick,crab_chick,100.00,174,0,0,1,174,1,174,7e-128,  350
crab_chick,crab_anapl,95.98,174,7,0,1,174,1,174,1e-124,  342
crab_chick,crab_rabit,76.57,175,40,1,1,174,1,175,5e-98,  275
crab_chick,crab_human,76.57,175,40,1,1,174,1,175,1e-97,  274
crab_chick,crab_bovin,75.43,175,42,1,1,174,1,175,4e-97,  272
crab_chick,crab_rat,74.86,175,43,1,1,174,1,175,1e-96,  271
crab_chick,crab_mouse,75.43,175,42,1,1,174,1,175,2e-96,  271
crab_chick,crab_mesau,74.29,175,44,1,1,174,1,175,2e-96,  271
crab_chick,crab_squac,64.61,178,58,4,1,174,1,177,6e-82,  234
crab_human,crab_human,100.00,175,0,0,1,175,1,175,1e-128,  352
crab_human,crab_rabit,98.29,175,3,0,1,175,1,175,2e-126,  347
crab_human,crab_bovin,97.71,175,4,0,1,175,1,175,4e-126,  346
crab_human,crab_rat,97.14,175,5,0,1,175,1,175,5e-126,  345
crab_human,crab_mesau,96.57,175,6,0,1,175,1,175,1e-125,  345
crab_human,crab_mouse,97.14,175,5,0,1,175,1,175,2e-125,  344
crab_human,crab_anapl,76.57,175,40,1,1,175,1,174,9e-98,  274
crab_human,crab_chick,76.57,175,40,1,1,175,1,174,1e-97,  274
crab_human,crab_squac,64.61,178,59,4,1,175,1,177,2e-81,  232
crab_mesau,crab_mesau,100.00,175,0,0,1,175,1,175,1e-129,  355
crab_mesau,crab_rat,99.43,175,1,0,1,175,1,175,2e-129,  354
crab_mesau,crab_mouse,97.14,175,5,0,1,175,1,175,8e-127,  348
crab_mesau,crab_rabit,97.14,175,5,0,1,175,1,175,2e-126,  347
crab_mesau,crab_bovin,96.57,175,6,0,1,175,1,175,4e-126,  346
crab_mesau,crab_human,96.57,175,6,0,1,175,1,175,1e-125,  345
crab_mesau,crab_anapl,75.43,175,42,1,1,175,1,174,6e-97,  272
crab_mesau,crab_chick,74.29,175,44,1,1,175,1,174,2e-96,  271
crab_mesau,crab_squac,63.48,178,61,4,1,175,1,177,2e-80,  230
crab_mesau,gi|5524211|gb|AAD44166.1|,37.50,16,10,0,60,75,72,87,4.5,15.8
crab_mouse,crab_mouse,100.00,175,0,0,1,175,1,175,4e-129,  353
crab_mouse,crab_rat,97.71,175,4,0,1,175,1,175,4e-127,  348
crab_mouse,crab_mesau,97.14,175,5,0,1,175,1,175,8e-127,  348
crab_mouse,crab_bovin,97.14,175,5,0,1,175,1,175,1e-125,  345
crab_mouse,crab_human,97.14,175,5,0,1,175,1,175,2e-125,  344
crab_mouse,crab_rabit,96.57,175,6,0,1,175,1,175,1e-124,  342
crab_mouse,crab_chick,75.43,175,42,1,1,175,1,174,2e-96,  271
crab_mouse,crab_anapl,75.43,175,42,1,1,175,1,174,2e-96,  270
crab_mouse,crab_squac,64.61,178,59,4,1,175,1,177,7e-81,  231
crab_mouse,gi|5524211|gb|AAD44166.1|,37.50,16,10,0,60,75,72,87,5.4,15.4
crab_rabit,crab_rabit,100.00,175,0,0,1,175,1,175,7e-129,  353
crab_rabit,crab_bovin,98.29,175,3,0,1,175,1,175,1e-126,  347
crab_rabit,crab_rat,97.71,175,4,0,1,175,1,175,2e-126,  347
crab_rabit,crab_human,98.29,175,3,0,1,175,1,175,2e-126,  347
crab_rabit,crab_mesau,97.14,175,5,0,1,175,1,175,2e-126,  347
crab_rabit,crab_mouse,96.57,175,6,0,1,175,1,175,1e-124,  342
crab_rabit,crab_anapl,76.57,175,40,1,1,175,1,174,5e-98,  275
crab_rabit,crab_chick,76.57,175,40,1,1,175,1,174,5e-98,  275
crab_rabit,crab_squac,65.17,178,58,4,1,175,1,177,8e-82,  233
crab_rabit,gi|5524211|gb|AAD44166.1|,37.50,16,10,0,60,75,72,87,5.2,15.4
crab_rat,crab_rat,100.00,175,0,0,1,175,1,175,1e-129,  355
crab_rat,crab_mesau,99.43,175,1,0,1,175,1,175,2e-129,  354
crab_rat,crab_mouse,97.71,175,4,0,1,175,1,175,4e-127,  348
crab_rat,crab_rabit,97.71,175,4,0,1,175,1,175,2e-126,  347
crab_rat,crab_bovin,97.14,175,5,0,1,175,1,175,3e-126,  346
crab_rat,crab_human,97.14,175,5,0,1,175,1,175,5e-126,  345
crab_rat,crab_chick,74.86,175,43,1,1,175,1,174,1e-96,  271
crab_rat,crab_anapl,74.86,175,43,1,1,175,1,174,1e-96,  271
crab_rat,crab_squac,64.04,178,60,4,1,175,1,177,1e-80,  231
crab_rat,gi|5524211|gb|AAD44166.1|,37.50,16,10,0,60,75,72,87,4.5,15.8
crab_squac,crab_squac,100.00,177,0,0,1,177,1,177,6e-133,  363
crab_squac,crab_anapl,64.04,178,59,4,1,177,1,174,2e-82,  235
crab_squac,crab_bovin,65.17,178,58,4,1,177,1,175,4e-82,  234
crab_squac,crab_chick,64.61,178,58,4,1,177,1,174,6e-82,  234
crab_squac,crab_rabit,65.17,178,58,4,1,177,1,175,8e-82,  233
crab_squac,crab_human,64.61,178,59,4,1,177,1,175,2e-81,  232
crab_squac,crab_mouse,64.61,178,59,4,1,177,1,175,8e-81,  231
crab_squac,crab_rat,64.04,178,60,4,1,177,1,175,1e-80,  231
crab_squac,crab_mesau,63.48,178,61,4,1,177,1,175,2e-80,  230
