SF3A1_HUMAN/712-788	77	SF3A1_HUMAN/712-788	77	1e-53	  161
SF3A1_HUMAN/712-788	77	SF3A1_HUMAN_2/712-788	89	3e-53	  160
SF3A1_HUMAN/712-788	77	SF3A1_HUMAN_2/712-788	89	0.001	31.2
SF3A1_HUMAN/712-788	77	Q91889_XENLA/33-101	69	1e-05	36.2
SF3A1_HUMAN/712-788	77	Q91889_XENLA/33-101	69	 1474	14.6
SF3A1_HUMAN/712-788	77	Q9ZQZ4_ARATH/6-74	69	0.002	30.0
SF3A1_HUMAN/712-788	77	OASL_HUMAN/439-506	68	0.013	28.1
SF3A1_HUMAN/712-788	77	PPCT_BOVIN/10-213	204	10728	12.7
SF3A1_HUMAN_2/712-788	89	SF3A1_HUMAN_2/712-788	89	6e-63	  186
SF3A1_HUMAN_2/712-788	89	SF3A1_HUMAN/712-788	77	3e-53	  160
SF3A1_HUMAN_2/712-788	89	SF3A1_HUMAN/712-788	77	0.001	31.2
SF3A1_HUMAN_2/712-788	89	Q91889_XENLA/33-101	69	2e-05	36.2
SF3A1_HUMAN_2/712-788	89	Q91889_XENLA/33-101	69	 1745	14.6
SF3A1_HUMAN_2/712-788	89	Q9ZQZ4_ARATH/6-74	69	0.004	29.6
SF3A1_HUMAN_2/712-788	89	OASL_HUMAN/439-506	68	0.031	27.3
SF3A1_HUMAN_2/712-788	89	PPCT_BOVIN/10-213	204	10105	12.7
Q91889_XENLA/33-101	69	Q91889_XENLA/33-101	69	1e-46	  143
Q91889_XENLA/33-101	69	SF3A1_HUMAN/712-788	77	1e-05	36.2
Q91889_XENLA/33-101	69	SF3A1_HUMAN/712-788	77	 1320	14.6
Q91889_XENLA/33-101	69	SF3A1_HUMAN_2/712-788	89	1e-05	36.2
Q91889_XENLA/33-101	69	SF3A1_HUMAN_2/712-788	89	 1353	14.6
Q91889_XENLA/33-101	69	Q9ZQZ4_ARATH/6-74	69	7e-05	33.9
Q91889_XENLA/33-101	69	OASL_HUMAN/439-506	68	2e-04	32.7
Q91889_XENLA/33-101	69	Y1310_MYCBO/5-298	294	52593	10.4
OASL_HUMAN/439-506	68	OASL_HUMAN/439-506	68	5e-43	  133
OASL_HUMAN/439-506	68	Q9ZQZ4_ARATH/6-74	69	1e-05	35.8
OASL_HUMAN/439-506	68	Q9ZQZ4_ARATH/6-74	69	 6130	13.1
OASL_HUMAN/439-506	68	Q91889_XENLA/33-101	69	2e-04	32.7
OASL_HUMAN/439-506	68	SF3A1_HUMAN/712-788	77	0.011	28.1
OASL_HUMAN/439-506	68	SF3A1_HUMAN_2/712-788	89	0.024	27.3
OASL_HUMAN/439-506	68	PPCT_BOVIN/10-213	204	  201	17.3
OASL_HUMAN/439-506	68	PPCT_BOVIN/10-213	204	52574	10.4
Q9ZQZ4_ARATH/6-74	69	Q9ZQZ4_ARATH/6-74	69	2e-45	  140
Q9ZQZ4_ARATH/6-74	69	OASL_HUMAN/439-506	68	1e-05	35.8
Q9ZQZ4_ARATH/6-74	69	OASL_HUMAN/439-506	68	 6220	13.1
Q9ZQZ4_ARATH/6-74	69	Q91889_XENLA/33-101	69	7e-05	33.9
Q9ZQZ4_ARATH/6-74	69	SF3A1_HUMAN/712-788	77	0.002	30.0
Q9ZQZ4_ARATH/6-74	69	SF3A1_HUMAN_2/712-788	89	0.003	29.6
PPCT_BOVIN/10-213	204	PPCT_BOVIN/10-213	204	3e-153	  424
PPCT_BOVIN/10-213	204	OASL_HUMAN/439-506	68	  604	17.3
PPCT_BOVIN/10-213	204	OASL_HUMAN/439-506	68	157722	10.4
PPCT_BOVIN/10-213	204	Y1310_MYCBO/5-298	294	 2137	16.2
PPCT_BOVIN/10-213	204	Y1310_MYCBO/5-298	294	67464	11.5
PPCT_BOVIN/10-213	204	Y1310_MYCBO/5-298	294	111700	10.8
PPCT_BOVIN/10-213	204	Y1310_MYCBO/5-298	294	371381	 9.2
PPCT_BOVIN/10-213	204	SF3A1_HUMAN_2/712-788	89	23162	12.7
PPCT_BOVIN/10-213	204	SF3A1_HUMAN/712-788	77	28422	12.7
Y1310_MYCBO/5-298	294	Y1310_MYCBO/5-298	294	0.0	  600
Y1310_MYCBO/5-298	294	PPCT_BOVIN/10-213	204	 3080	16.2
Y1310_MYCBO/5-298	294	PPCT_BOVIN/10-213	204	97227	11.5
Y1310_MYCBO/5-298	294	PPCT_BOVIN/10-213	204	160980	10.8
Y1310_MYCBO/5-298	294	PPCT_BOVIN/10-213	204	535225	 9.2
Y1310_MYCBO/5-298	294	Q91889_XENLA/33-101	69	224090	10.4
