SF3A1_HUMAN/712-788;1	SF3A1_HUMAN/712-788	100.00	77	0	0	1	77	1	77	5e-56	  161
SF3A1_HUMAN/712-788;1	Q91889_XENLA/33-101	26.87	67	49	0	11	77	3	69	4e-08	36.2
SF3A1_HUMAN/712-788;1	Q91889_XENLA/33-101	41.67	12	7	0	2	13	42	53	4.7	14.6
SF3A1_HUMAN/712-788;1	DSK2_YEAST/8-75	34.09	44	29	0	29	72	20	63	4e-08	36.2
SF3A1_HUMAN/712-788;1	Q9SII9_ARATH/23-91	29.51	61	43	0	12	72	4	64	1e-07	35.0
SF3A1_HUMAN/712-788;1	Q9ZQZ4_ARATH/6-74	20.63	63	50	0	12	74	4	66	7e-06	30.0
SF3A1_HUMAN/712-788;1	OASL_HUMAN/439-506	25.00	48	36	0	29	76	21	68	4e-05	28.1
SF3A1_HUMAN/712-788;1	ATB14_ARATH/173-383	24.44	45	34	0	28	72	127	171	0.054	20.4
Q91889_XENLA/33-101;1	Q91889_XENLA/33-101	100.00	69	0	0	1	69	1	69	3e-49	  143
Q91889_XENLA/33-101;1	DSK2_YEAST/8-75	36.21	58	37	0	8	65	7	64	2e-11	45.4
Q91889_XENLA/33-101;1	SF3A1_HUMAN/712-788	26.87	67	49	0	3	69	11	77	3e-08	36.2
Q91889_XENLA/33-101;1	SF3A1_HUMAN/712-788	41.67	12	7	0	42	53	2	13	4.2	14.6
Q91889_XENLA/33-101;1	Q9ZQZ4_ARATH/6-74	25.37	67	50	0	1	67	1	67	2e-07	33.9
Q91889_XENLA/33-101;1	OASL_HUMAN/439-506	27.59	58	42	0	5	62	5	62	6e-07	32.7
OASL_HUMAN/439-506;1	OASL_HUMAN/439-506	100.00	68	0	0	1	68	1	68	2e-45	  133
OASL_HUMAN/439-506;1	DSK2_YEAST/8-75	32.73	55	37	0	12	66	11	65	4e-08	35.8
OASL_HUMAN/439-506;1	Q9ZQZ4_ARATH/6-74	30.77	65	45	0	1	65	1	65	5e-08	35.8
OASL_HUMAN/439-506;1	Q9SII9_ARATH/23-91	24.24	66	50	0	1	66	1	66	4e-07	33.1
OASL_HUMAN/439-506;1	Q91889_XENLA/33-101	27.59	58	42	0	5	62	5	62	6e-07	32.7
OASL_HUMAN/439-506;1	SF3A1_HUMAN/712-788	25.00	48	36	0	21	68	29	76	4e-05	28.1
OASL_HUMAN/439-506;1	Q93569_CAEEL/344-568	60.00	10	4	0	23	32	35	44	0.13	19.2
OASL_HUMAN/439-506;1	PPCT_BOVIN/10-213	45.45	11	6	0	33	43	109	119	0.65	17.3
OASL_HUMAN/439-506;1	BETA_ECOLI/3-301	24.00	25	19	0	7	31	59	83	3.3	15.4
Q9ZQZ4_ARATH/6-74;1	Q9ZQZ4_ARATH/6-74	100.00	69	0	0	1	69	1	69	5e-48	  140
Q9ZQZ4_ARATH/6-74;1	DSK2_YEAST/8-75	29.82	57	40	0	8	64	7	63	5e-09	38.5
Q9ZQZ4_ARATH/6-74;1	Q9SII9_ARATH/23-91	24.19	62	47	0	3	64	3	64	8e-09	38.1
Q9ZQZ4_ARATH/6-74;1	OASL_HUMAN/439-506	30.77	65	45	0	1	65	1	65	5e-08	35.8
Q9ZQZ4_ARATH/6-74;1	Q91889_XENLA/33-101	25.37	67	50	0	1	67	1	67	2e-07	33.9
Q9ZQZ4_ARATH/6-74;1	SF3A1_HUMAN/712-788	20.63	63	50	0	4	66	12	74	6e-06	30.0
Q9ZQZ4_ARATH/6-74;1	ALKJ_PSEOL/2-296	77.78	9	2	0	42	50	287	295	0.11	19.6
Q9ZQZ4_ARATH/6-74;1	ALKJ_PSEOL/2-296	50.00	8	4	0	59	66	38	45	1.1	16.5
Q9ZQZ4_ARATH/6-74;1	ATB14_ARATH/173-383	40.00	10	6	0	47	56	173	182	0.71	17.3
Q9ZQZ4_ARATH/6-74;1	ATHB8_ARATH/159-369	40.00	10	6	0	47	56	173	182	0.80	16.9
Q9ZQZ4_ARATH/6-74;1	BETA_RHIME/3-293	32.00	25	14	1	26	50	270	291	1.5	16.2
Q9ZQZ4_ARATH/6-74;1	BETA_RHIME/3-293	50.00	10	5	0	57	66	147	156	1.9	15.8
Q9ZQZ4_ARATH/6-74;1	BETA_ECOLI/3-301	55.56	9	4	0	42	50	291	299	1.7	16.2
Q9ZQZ4_ARATH/6-74;1	HGL2_ARATH/259-486	33.33	12	8	0	43	54	70	81	2.5	15.4
Q9ZQZ4_ARATH/6-74;1	Q93569_CAEEL/344-568	50.00	10	5	0	5	14	146	155	4.0	15.0
Q9SII9_ARATH/23-91;1	Q9SII9_ARATH/23-91	100.00	69	0	0	1	69	1	69	9e-50	  144
Q9SII9_ARATH/23-91;1	DSK2_YEAST/8-75	50.00	60	30	0	7	66	6	65	4e-19	65.9
Q9SII9_ARATH/23-91;1	Q9ZQZ4_ARATH/6-74	24.19	62	47	0	3	64	3	64	8e-09	38.1
Q9SII9_ARATH/23-91;1	SF3A1_HUMAN/712-788	29.51	61	43	0	4	64	12	72	1e-07	35.0
Q9SII9_ARATH/23-91;1	OASL_HUMAN/439-506	24.24	66	50	0	1	66	1	66	4e-07	33.1
Q9SII9_ARATH/23-91;1	Q93569_CAEEL/344-568	45.45	11	6	0	31	41	195	205	8.0	14.2
DSK2_YEAST/8-75;1	DSK2_YEAST/8-75	100.00	68	0	0	1	68	1	68	3e-48	  140
DSK2_YEAST/8-75;1	Q9SII9_ARATH/23-91	50.00	60	30	0	6	65	7	66	4e-19	65.9
DSK2_YEAST/8-75;1	Q91889_XENLA/33-101	36.21	58	37	0	7	64	8	65	2e-11	45.4
DSK2_YEAST/8-75;1	Q9ZQZ4_ARATH/6-74	29.82	57	40	0	7	63	8	64	5e-09	38.5
DSK2_YEAST/8-75;1	SF3A1_HUMAN/712-788	34.09	44	29	0	20	63	29	72	3e-08	36.2
DSK2_YEAST/8-75;1	OASL_HUMAN/439-506	32.73	55	37	0	11	65	12	66	4e-08	35.8
DSK2_YEAST/8-75;1	BETA_RHIME/3-293	28.12	32	21	1	31	60	66	97	4.2	15.0
PPCT_BOVIN/10-213;2	PPCT_BOVIN/10-213	100.00	204	0	0	1	204	1	204	1e-155	  424
PPCT_BOVIN/10-213;2	Q93569_CAEEL/344-568	18.54	205	137	9	15	192	12	213	0.002	26.9
PPCT_BOVIN/10-213;2	ATB14_ARATH/173-383	17.72	79	50	2	91	169	111	174	0.84	18.9
PPCT_BOVIN/10-213;2	ATHB8_ARATH/159-369	24.00	25	19	0	135	159	31	55	1.3	18.5
PPCT_BOVIN/10-213;2	DHGL_DROPS/65-363	42.11	19	10	1	168	185	35	53	1.7	18.1
PPCT_BOVIN/10-213;2	OASL_HUMAN/439-506	45.45	11	6	0	109	119	33	43	1.9	17.3
PPCT_BOVIN/10-213;2	BETA_ECOLI/3-301	33.33	18	12	0	123	140	253	270	2.4	17.7
PPCT_BOVIN/10-213;2	BETA_RHIME/3-293	26.92	26	19	0	123	148	245	270	2.5	17.7
PPCT_BOVIN/10-213;2	Y1310_MYCBO/5-298	26.92	26	19	0	123	148	248	273	6.8	16.2
PPCT_BOVIN/10-213;2	HGL2_ARATH/259-486	31.25	16	11	0	71	86	33	48	9.8	15.8
Q93569_CAEEL/344-568;2	Q93569_CAEEL/344-568	100.00	225	0	0	1	225	1	225	1e-172	  469
Q93569_CAEEL/344-568;2	PPCT_BOVIN/10-213	18.54	205	137	9	12	213	15	192	0.003	26.9
Q93569_CAEEL/344-568;2	OASL_HUMAN/439-506	60.00	10	4	0	35	44	23	32	0.43	19.2
Q93569_CAEEL/344-568;2	ATB14_ARATH/173-383	42.86	21	11	1	131	150	125	145	1.3	18.5
Q93569_CAEEL/344-568;2	ATB14_ARATH/173-383	100.00	6	0	0	198	203	203	208	8.7	15.8
Q93569_CAEEL/344-568;2	Q39948_HELAN/267-491	47.06	17	9	0	196	212	122	138	3.3	17.3
ATB14_ARATH/173-383;2	ATB14_ARATH/173-383	100.00	211	0	0	1	211	1	211	5e-159	  433
ATB14_ARATH/173-383;2	ATHB8_ARATH/159-369	72.04	211	59	0	1	211	1	211	1e-117	  328
ATB14_ARATH/173-383;2	HGL2_ARATH/259-486	23.08	169	119	3	47	206	57	223	3e-09	44.7
ATB14_ARATH/173-383;2	Q39948_HELAN/267-491	21.21	132	96	2	80	207	94	221	9e-07	37.4
ATB14_ARATH/173-383;2	SF3A1_HUMAN/712-788	24.44	45	34	0	127	171	28	72	0.15	20.4
ATB14_ARATH/173-383;2	PPCT_BOVIN/10-213	17.72	79	50	2	111	174	91	169	0.87	18.9
ATB14_ARATH/173-383;2	Q93569_CAEEL/344-568	42.86	21	11	1	125	145	131	150	1.2	18.5
ATB14_ARATH/173-383;2	Q93569_CAEEL/344-568	100.00	6	0	0	203	208	198	203	8.2	15.8
ATB14_ARATH/173-383;2	Y1310_MYCBO/5-298	50.00	12	6	0	47	58	161	172	2.0	17.7
ATB14_ARATH/173-383;2	Q9ZQZ4_ARATH/6-74	40.00	10	6	0	173	182	47	56	2.2	17.3
ATB14_ARATH/173-383;2	DHGL_DROPS/65-363	27.59	29	21	0	139	167	151	179	9.0	15.8
ATHB8_ARATH/159-369;2	ATHB8_ARATH/159-369	100.00	211	0	0	1	211	1	211	1e-159	  434
ATHB8_ARATH/159-369;2	ATB14_ARATH/173-383	72.04	211	59	0	1	211	1	211	1e-117	  328
ATHB8_ARATH/159-369;2	HGL2_ARATH/259-486	23.12	173	114	4	47	206	57	223	1e-09	45.8
ATHB8_ARATH/159-369;2	Q39948_HELAN/267-491	22.02	168	119	4	47	206	57	220	3e-09	44.7
ATHB8_ARATH/159-369;2	PPCT_BOVIN/10-213	24.00	25	19	0	31	55	135	159	1.3	18.5
ATHB8_ARATH/159-369;2	Q9ZQZ4_ARATH/6-74	40.00	10	6	0	173	182	47	56	2.4	16.9
ATHB8_ARATH/159-369;2	Y1310_MYCBO/5-298	46.15	13	7	0	47	59	161	173	3.5	17.3
ATHB8_ARATH/159-369;2	BETA_ECOLI/3-301	50.00	8	4	0	21	28	105	112	5.9	16.5
ATHB8_ARATH/159-369;2	DHGL_DROPS/65-363	38.46	13	8	0	195	207	183	195	7.5	16.2
HGL2_ARATH/259-486;2	HGL2_ARATH/259-486	100.00	228	0	0	1	228	1	228	6e-175	  474
HGL2_ARATH/259-486;2	Q39948_HELAN/267-491	59.91	217	84	2	12	228	12	225	1e-97	  278
HGL2_ARATH/259-486;2	ATHB8_ARATH/159-369	23.12	173	114	4	57	223	47	206	1e-09	45.8
HGL2_ARATH/259-486;2	ATB14_ARATH/173-383	23.08	169	119	3	57	223	47	206	3e-09	44.7
HGL2_ARATH/259-486;2	Q9ZQZ4_ARATH/6-74	33.33	12	8	0	70	81	43	54	8.3	15.4
Q39948_HELAN/267-491;2	Q39948_HELAN/267-491	100.00	225	0	0	1	225	1	225	2e-173	  471
Q39948_HELAN/267-491;2	HGL2_ARATH/259-486	59.91	217	84	2	12	225	12	228	9e-98	  278
Q39948_HELAN/267-491;2	ATHB8_ARATH/159-369	22.02	168	119	4	57	220	47	206	3e-09	44.7
Q39948_HELAN/267-491;2	ATB14_ARATH/173-383	21.21	132	96	2	94	221	80	207	9e-07	37.4
Q39948_HELAN/267-491;2	Q93569_CAEEL/344-568	47.06	17	9	0	122	138	196	212	3.3	17.3
Q39948_HELAN/267-491;2	BETA_RHIME/3-293	35.00	20	13	0	11	30	142	161	9.4	15.8
Y1310_MYCBO/5-298;3	Y1310_MYCBO/5-298	100.00	294	0	0	1	294	1	294	0.0	  600
Y1310_MYCBO/5-298;3	BETA_RHIME/3-293	42.09	297	161	5	1	293	1	290	2e-76	  229
Y1310_MYCBO/5-298;3	ALKJ_PSEOL/2-296	40.54	296	169	4	2	293	2	294	6e-71	  215
Y1310_MYCBO/5-298;3	DHGL_DROPS/65-363	40.33	300	168	6	2	293	2	298	1e-69	  212
Y1310_MYCBO/5-298;3	BETA_ECOLI/3-301	41.23	308	154	11	2	293	2	298	2e-59	  185
Y1310_MYCBO/5-298;3	ATB14_ARATH/173-383	50.00	12	6	0	161	172	47	58	2.8	17.7
Y1310_MYCBO/5-298;3	ATHB8_ARATH/159-369	46.15	13	7	0	161	173	47	59	4.8	17.3
Y1310_MYCBO/5-298;3	PPCT_BOVIN/10-213	26.92	26	19	0	248	273	123	148	9.9	16.2
ALKJ_PSEOL/2-296;3	ALKJ_PSEOL/2-296	100.00	295	0	0	1	295	1	295	0.0	  612
ALKJ_PSEOL/2-296;3	BETA_RHIME/3-293	41.84	294	167	3	2	295	2	291	6e-78	  233
ALKJ_PSEOL/2-296;3	BETA_ECOLI/3-301	41.67	300	169	5	1	295	1	299	5e-73	  220
ALKJ_PSEOL/2-296;3	Y1310_MYCBO/5-298	40.54	296	169	4	2	294	2	293	6e-71	  215
ALKJ_PSEOL/2-296;3	DHGL_DROPS/65-363	37.13	307	171	7	1	294	1	298	8e-59	  184
ALKJ_PSEOL/2-296;3	Q9ZQZ4_ARATH/6-74	77.78	9	2	0	287	295	42	50	0.49	19.6
ALKJ_PSEOL/2-296;3	Q9ZQZ4_ARATH/6-74	50.00	8	4	0	38	45	59	66	4.8	16.5
BETA_RHIME/3-293;3	BETA_RHIME/3-293	100.00	291	0	0	1	291	1	291	0.0	  595
BETA_RHIME/3-293;3	BETA_ECOLI/3-301	47.99	298	147	7	2	291	2	299	6e-87	  256
BETA_RHIME/3-293;3	ALKJ_PSEOL/2-296	41.84	294	167	3	2	291	2	295	5e-78	  233
BETA_RHIME/3-293;3	Y1310_MYCBO/5-298	42.09	297	161	5	1	290	1	293	2e-76	  229
BETA_RHIME/3-293;3	DHGL_DROPS/65-363	38.41	302	168	10	2	290	2	298	4e-59	  184
BETA_RHIME/3-293;3	PPCT_BOVIN/10-213	26.92	26	19	0	245	270	123	148	3.6	17.7
BETA_RHIME/3-293;3	Q9ZQZ4_ARATH/6-74	32.00	25	14	1	270	291	26	50	6.4	16.2
BETA_RHIME/3-293;3	Q9ZQZ4_ARATH/6-74	50.00	10	5	0	147	156	57	66	8.0	15.8
BETA_ECOLI/3-301;3	BETA_ECOLI/3-301	100.00	299	0	0	1	299	1	299	0.0	  619
BETA_ECOLI/3-301;3	BETA_RHIME/3-293	47.99	298	147	7	2	299	2	291	6e-87	  256
BETA_ECOLI/3-301;3	ALKJ_PSEOL/2-296	41.67	300	169	5	1	299	1	295	5e-73	  220
BETA_ECOLI/3-301;3	Y1310_MYCBO/5-298	41.23	308	154	11	2	298	2	293	2e-59	  185
BETA_ECOLI/3-301;3	DHGL_DROPS/65-363	39.81	309	164	12	1	298	1	298	3e-56	  177
BETA_ECOLI/3-301;3	PPCT_BOVIN/10-213	33.33	18	12	0	253	270	123	140	3.5	17.7
BETA_ECOLI/3-301;3	Q9ZQZ4_ARATH/6-74	55.56	9	4	0	291	299	42	50	7.4	16.2
BETA_ECOLI/3-301;3	ATHB8_ARATH/159-369	50.00	8	4	0	105	112	21	28	8.4	16.5
DHGL_DROPS/65-363;3	DHGL_DROPS/65-363	100.00	299	0	0	1	299	1	299	0.0	  617
DHGL_DROPS/65-363;3	Y1310_MYCBO/5-298	40.33	300	168	6	2	298	2	293	1e-69	  212
DHGL_DROPS/65-363;3	BETA_RHIME/3-293	38.41	302	168	10	2	298	2	290	4e-59	  184
DHGL_DROPS/65-363;3	ALKJ_PSEOL/2-296	37.13	307	171	7	1	298	1	294	8e-59	  184
DHGL_DROPS/65-363;3	BETA_ECOLI/3-301	39.81	309	164	12	1	298	1	298	3e-56	  177
DHGL_DROPS/65-363;3	PPCT_BOVIN/10-213	42.11	19	10	1	35	53	168	185	2.5	18.1
